#
# There is insufficient memory for the Java Runtime Environment to continue.
# Native memory allocation (mmap) failed to map 65011712 bytes for committing reserved memory.
# Possible reasons:
#   The system is out of physical RAM or swap space
#   In 32 bit mode, the process size limit was hit
# Possible solutions:
#   Reduce memory load on the system
#   Increase physical memory or swap space
#   Check if swap backing store is full
#   Use 64 bit Java on a 64 bit OS
#   Decrease Java heap size (-Xmx/-Xms)
#   Decrease number of Java threads
#   Decrease Java thread stack sizes (-Xss)
#   Set larger code cache with -XX:ReservedCodeCacheSize=
# This output file may be truncated or incomplete.
#
#  Out of Memory Error (os_linux.cpp:2673), pid=3425, tid=139651296782080
#
# JRE version: Java(TM) SE Runtime Environment (8.0_40-b25) (build 1.8.0_40-b25)
# Java VM: Java HotSpot(TM) 64-Bit Server VM (25.40-b25 mixed mode linux-amd64 compressed oops)
# Failed to write core dump. Core dumps have been disabled. To enable core dumping, try "ulimit -c unlimited" before starting Java again
#

---------------  T H R E A D  ---------------

Current thread (0x00007f0330078000):  VMThread [stack: 0x00007f0319dfe000,0x00007f0319eff000] [id=3431]

Stack: [0x00007f0319dfe000,0x00007f0319eff000],  sp=0x00007f0319efd0e0,  free space=1020k
Native frames: (J=compiled Java code, j=interpreted, Vv=VM code, C=native code)
V  [libjvm.so+0xaaca9a]  VMError::report_and_die()+0x2ba
V  [libjvm.so+0x4f333b]  report_vm_out_of_memory(char const*, int, unsigned long, VMErrorType, char const*)+0x8b
V  [libjvm.so+0x90e8c3]  os::Linux::commit_memory_impl(char*, unsigned long, bool)+0x103
V  [libjvm.so+0x90ee19]  os::pd_commit_memory(char*, unsigned long, unsigned long, bool)+0x29
V  [libjvm.so+0x90877a]  os::commit_memory(char*, unsigned long, unsigned long, bool)+0x2a
V  [libjvm.so+0x97bbc3]  PSVirtualSpace::expand_by(unsigned long)+0x53
V  [libjvm.so+0x96c420]  PSOldGen::expand(unsigned long)+0x170
V  [libjvm.so+0x96c62b]  PSOldGen::resize(unsigned long)+0x1cb
V  [libjvm.so+0x974341]  PSParallelCompact::invoke_no_policy(bool)+0x9d1
V  [libjvm.so+0x979ced]  PSScavenge::invoke()+0x1ad
V  [libjvm.so+0x932150]  ParallelScavengeHeap::failed_mem_allocate(unsigned long)+0x70
V  [libjvm.so+0xaae2d7]  VM_ParallelGCFailedAllocation::doit()+0x97
V  [libjvm.so+0xab5ac5]  VM_Operation::evaluate()+0x55
V  [libjvm.so+0xab3e9a]  VMThread::evaluate_operation(VM_Operation*)+0xba
V  [libjvm.so+0xab421e]  VMThread::loop()+0x1ce
V  [libjvm.so+0xab4690]  VMThread::run()+0x70
V  [libjvm.so+0x910ee8]  java_start(Thread*)+0x108

VM_Operation (0x00007f0313df7c10): ParallelGCFailedAllocation, mode: safepoint, requested by thread 0x00007f02e000a800


---------------  P R O C E S S  ---------------

Java Threads: ( => current thread )
  0x00007f02c8001000 JavaThread "Stdin handler" [_thread_blocked, id=3870, stack(0x00007f03137fa000,0x00007f03138fb000)]
  0x00007f02e000a800 JavaThread "Daemon worker Thread 3" [_thread_blocked, id=3867, stack(0x00007f0313cfd000,0x00007f0313dfe000)]
  0x00007f02e0003800 JavaThread "Cancel handler" [_thread_blocked, id=3866, stack(0x00007f03138fb000,0x00007f03139fc000)]
  0x00007f02e0006000 JavaThread "Handler for socket connection from /127.0.0.1:52171 to /127.0.0.1:48750" [_thread_in_native, id=3865, stack(0x00007f03139fc000,0x00007f0313afd000)]
  0x00007f02dc005000 JavaThread "Daemon Thread 3" [_thread_blocked, id=3864, stack(0x00007f0313dfe000,0x00007f0313eff000)]
  0x00007f02cc23b000 JavaThread "File lock request listener" [_thread_in_native, id=3449, stack(0x00007f03132f9000,0x00007f03133fa000)]
  0x00007f0330a40800 JavaThread "Incoming local TCP Connector on port 52171" [_thread_in_native, id=3441, stack(0x00007f0313eff000,0x00007f0314000000)]
  0x00007f03300c3000 JavaThread "Service Thread" daemon [_thread_blocked, id=3439, stack(0x00007f0319015000,0x00007f0319116000)]
  0x00007f03300be000 JavaThread "C1 CompilerThread2" daemon [_thread_blocked, id=3438, stack(0x00007f0319116000,0x00007f0319217000)]
  0x00007f03300bc000 JavaThread "C2 CompilerThread1" daemon [_thread_blocked, id=3437, stack(0x00007f0319217000,0x00007f0319318000)]
  0x00007f03300b9800 JavaThread "C2 CompilerThread0" daemon [_thread_blocked, id=3436, stack(0x00007f0319318000,0x00007f0319419000)]
  0x00007f03300b8000 JavaThread "Signal Dispatcher" daemon [_thread_blocked, id=3435, stack(0x00007f0319419000,0x00007f031951a000)]
  0x00007f033007f000 JavaThread "Finalizer" daemon [_thread_blocked, id=3433, stack(0x00007f0319bfc000,0x00007f0319cfd000)]
  0x00007f033007d000 JavaThread "Reference Handler" daemon [_thread_blocked, id=3432, stack(0x00007f0319cfd000,0x00007f0319dfe000)]
  0x00007f033000a000 JavaThread "main" [_thread_blocked, id=3426, stack(0x00007f033858d000,0x00007f033868e000)]

Other Threads:
=>0x00007f0330078000 VMThread [stack: 0x00007f0319dfe000,0x00007f0319eff000] [id=3431]
  0x00007f03300c5800 WatcherThread [stack: 0x00007f0318f14000,0x00007f0319015000] [id=3440]

VM state:at safepoint (normal execution)

VM Mutex/Monitor currently owned by a thread:  ([mutex/lock_event])
[0x00007f0330005ec0] ExpandHeap_lock - owner thread: 0x00007f0330078000
[0x00007f0330006540] Threads_lock - owner thread: 0x00007f0330078000
[0x00007f0330006a40] Heap_lock - owner thread: 0x00007f02e000a800

Heap:
 PSYoungGen      total 324096K, used 12530K [0x00000000eab00000, 0x0000000100000000, 0x0000000100000000)
  eden space 305152K, 4% used [0x00000000eab00000,0x00000000eb73c970,0x00000000fd500000)
  from space 18944K, 0% used [0x00000000fed80000,0x00000000fed80000,0x0000000100000000)
  to   space 22016K, 0% used [0x00000000fd500000,0x00000000fd500000,0x00000000fea80000)
 ParOldGen       total 71680K, used 71590K [0x00000000c0000000, 0x00000000c4600000, 0x00000000eab00000)
  object space 71680K, 99% used [0x00000000c0000000,0x00000000c45e9ab8,0x00000000c4600000)
 Metaspace       used 62741K, capacity 66486K, committed 66560K, reserved 1105920K
  class space    used 8570K, capacity 9936K, committed 9984K, reserved 1048576K

Card table byte_map: [0x00007f0335164000,0x00007f0335365000] byte_map_base: 0x00007f0334b64000

Marking Bits: (ParMarkBitMap*) 0x00007f0337a626c0
 Begin Bits: [0x00007f031a000000, 0x00007f031b000000)
 End Bits:   [0x00007f031b000000, 0x00007f031c000000)

Polling page: 0x00007f03386a9000

CodeCache: size=245760Kb used=24220Kb max_used=24220Kb free=221539Kb
 bounds [0x00007f0321000000, 0x00007f03227d0000, 0x00007f0330000000]
 total_blobs=6748 nmethods=6040 adapters=620
 compilation: enabled

Compilation events (10 events):
Event: 582.856 Thread 0x00007f03300be000 nmethod 7581 0x00007f03227bf210 code [0x00007f03227bf3c0, 0x00007f03227bf8f8]
Event: 582.861 Thread 0x00007f03300b9800 7582       4       java.beans.Introspector::processPropertyDescriptors (959 bytes)
Event: 582.866 Thread 0x00007f03300be000 7584       3       org.gradle.model.internal.registry.DefaultModelRegistry::bindInputs (64 bytes)
Event: 582.867 Thread 0x00007f03300be000 nmethod 7584 0x00007f03227c3010 code [0x00007f03227c31e0, 0x00007f03227c39e8]
Event: 582.867 Thread 0x00007f03300be000 7583       3       org.gradle.model.internal.registry.DefaultModelRegistry::bind (58 bytes)
Event: 582.869 Thread 0x00007f03300be000 nmethod 7583 0x00007f03227c3d90 code [0x00007f03227c3fa0, 0x00007f03227c4a28]
Event: 582.875 Thread 0x00007f03300be000 7585       3       org.gradle.api.internal.project.taskfactory.AnnotationProcessingTaskFactory$PropertyInfo::attachActions (13 bytes)
Event: 582.875 Thread 0x00007f03300be000 nmethod 7585 0x00007f03227bed90 code [0x00007f03227bef00, 0x00007f03227bf128]
Event: 582.876 Thread 0x00007f03300be000 7586       1       org.gradle.api.internal.tasks.DefaultTaskOutputs::access$000 (5 bytes)
Event: 582.876 Thread 0x00007f03300be000 nmethod 7586 0x00007f03227bead0 code [0x00007f03227bec20, 0x00007f03227bed10]

GC Heap History (10 events):
Event: 63.215 GC heap after
Heap after GC invocations=16 (full 2):
 PSYoungGen      total 330240K, used 2167K [0x00000000eab00000, 0x0000000100000000, 0x0000000100000000)
  eden space 311296K, 0% used [0x00000000eab00000,0x00000000eab00000,0x00000000fdb00000)
  from space 18944K, 11% used [0x00000000fed80000,0x00000000fef9dd80,0x0000000100000000)
  to   space 18944K, 0% used [0x00000000fdb00000,0x00000000fdb00000,0x00000000fed80000)
 ParOldGen       total 71680K, used 56228K [0x00000000c0000000, 0x00000000c4600000, 0x00000000eab00000)
  object space 71680K, 78% used [0x00000000c0000000,0x00000000c36e9388,0x00000000c4600000)
 Metaspace       used 45578K, capacity 47714K, committed 48000K, reserved 1089536K
  class space    used 6140K, capacity 6936K, committed 7040K, reserved 1048576K
}
Event: 63.216 GC heap before
{Heap before GC invocations=17 (full 3):
 PSYoungGen      total 330240K, used 2167K [0x00000000eab00000, 0x0000000100000000, 0x0000000100000000)
  eden space 311296K, 0% used [0x00000000eab00000,0x00000000eab00000,0x00000000fdb00000)
  from space 18944K, 11% used [0x00000000fed80000,0x00000000fef9dd80,0x0000000100000000)
  to   space 18944K, 0% used [0x00000000fdb00000,0x00000000fdb00000,0x00000000fed80000)
 ParOldGen       total 71680K, used 56228K [0x00000000c0000000, 0x00000000c4600000, 0x00000000eab00000)
  object space 71680K, 78% used [0x00000000c0000000,0x00000000c36e9388,0x00000000c4600000)
 Metaspace       used 45578K, capacity 47714K, committed 48000K, reserved 1089536K
  class space    used 6140K, capacity 6936K, committed 7040K, reserved 1048576K
Event: 63.510 GC heap after
Heap after GC invocations=17 (full 3):
 PSYoungGen      total 330240K, used 0K [0x00000000eab00000, 0x0000000100000000, 0x0000000100000000)
  eden space 311296K, 0% used [0x00000000eab00000,0x00000000eab00000,0x00000000fdb00000)
  from space 18944K, 0% used [0x00000000fed80000,0x00000000fed80000,0x0000000100000000)
  to   space 18944K, 0% used [0x00000000fdb00000,0x00000000fdb00000,0x00000000fed80000)
 ParOldGen       total 71680K, used 47910K [0x00000000c0000000, 0x00000000c4600000, 0x00000000eab00000)
  object space 71680K, 66% used [0x00000000c0000000,0x00000000c2ec9a38,0x00000000c4600000)
 Metaspace       used 45363K, capacity 46984K, committed 48000K, reserved 1089536K
  class space    used 6091K, capacity 6698K, committed 7040K, reserved 1048576K
}
Event: 318.957 GC heap before
{Heap before GC invocations=18 (full 3):
 PSYoungGen      total 330240K, used 311296K [0x00000000eab00000, 0x0000000100000000, 0x0000000100000000)
  eden space 311296K, 100% used [0x00000000eab00000,0x00000000fdb00000,0x00000000fdb00000)
  from space 18944K, 0% used [0x00000000fed80000,0x00000000fed80000,0x0000000100000000)
  to   space 18944K, 0% used [0x00000000fdb00000,0x00000000fdb00000,0x00000000fed80000)
 ParOldGen       total 71680K, used 47910K [0x00000000c0000000, 0x00000000c4600000, 0x00000000eab00000)
  object space 71680K, 66% used [0x00000000c0000000,0x00000000c2ec9a38,0x00000000c4600000)
 Metaspace       used 52838K, capacity 55324K, committed 55424K, reserved 1097728K
  class space    used 7130K, capacity 8061K, committed 8064K, reserved 1048576K
Event: 319.180 GC heap after
Heap after GC invocations=18 (full 3):
 PSYoungGen      total 330240K, used 18916K [0x00000000eab00000, 0x0000000100000000, 0x0000000100000000)
  eden space 311296K, 0% used [0x00000000eab00000,0x00000000eab00000,0x00000000fdb00000)
  from space 18944K, 99% used [0x00000000fdb00000,0x00000000fed79240,0x00000000fed80000)
  to   space 18944K, 0% used [0x00000000fed80000,0x00000000fed80000,0x0000000100000000)
 ParOldGen       total 71680K, used 51524K [0x00000000c0000000, 0x00000000c4600000, 0x00000000eab00000)
  object space 71680K, 71% used [0x00000000c0000000,0x00000000c32513e8,0x00000000c4600000)
 Metaspace       used 52838K, capacity 55324K, committed 55424K, reserved 1097728K
  class space    used 7130K, capacity 8061K, committed 8064K, reserved 1048576K
}
Event: 329.756 GC heap before
{Heap before GC invocations=19 (full 3):
 PSYoungGen      total 330240K, used 191490K [0x00000000eab00000, 0x0000000100000000, 0x0000000100000000)
  eden space 311296K, 55% used [0x00000000eab00000,0x00000000f53878f8,0x00000000fdb00000)
  from space 18944K, 99% used [0x00000000fdb00000,0x00000000fed79240,0x00000000fed80000)
  to   space 18944K, 0% used [0x00000000fed80000,0x00000000fed80000,0x0000000100000000)
 ParOldGen       total 71680K, used 51524K [0x00000000c0000000, 0x00000000c4600000, 0x00000000eab00000)
  object space 71680K, 71% used [0x00000000c0000000,0x00000000c32513e8,0x00000000c4600000)
 Metaspace       used 55472K, capacity 58608K, committed 58624K, reserved 1099776K
  class space    used 7563K, capacity 8695K, committed 8704K, reserved 1048576K
Event: 331.070 GC heap after
Heap after GC invocations=19 (full 3):
 PSYoungGen      total 324096K, used 9484K [0x00000000eab00000, 0x0000000100000000, 0x0000000100000000)
  eden space 305152K, 0% used [0x00000000eab00000,0x00000000eab00000,0x00000000fd500000)
  from space 18944K, 50% used [0x00000000fed80000,0x00000000ff6c3118,0x0000000100000000)
  to   space 22016K, 0% used [0x00000000fd500000,0x00000000fd500000,0x00000000fea80000)
 ParOldGen       total 71680K, used 65578K [0x00000000c0000000, 0x00000000c4600000, 0x00000000eab00000)
  object space 71680K, 91% used [0x00000000c0000000,0x00000000c400aa78,0x00000000c4600000)
 Metaspace       used 55472K, capacity 58608K, committed 58624K, reserved 1099776K
  class space    used 7563K, capacity 8695K, committed 8704K, reserved 1048576K
}
Event: 331.070 GC heap before
{Heap before GC invocations=20 (full 4):
 PSYoungGen      total 324096K, used 9484K [0x00000000eab00000, 0x0000000100000000, 0x0000000100000000)
  eden space 305152K, 0% used [0x00000000eab00000,0x00000000eab00000,0x00000000fd500000)
  from space 18944K, 50% used [0x00000000fed80000,0x00000000ff6c3118,0x0000000100000000)
  to   space 22016K, 0% used [0x00000000fd500000,0x00000000fd500000,0x00000000fea80000)
 ParOldGen       total 71680K, used 65578K [0x00000000c0000000, 0x00000000c4600000, 0x00000000eab00000)
  object space 71680K, 91% used [0x00000000c0000000,0x00000000c400aa78,0x00000000c4600000)
 Metaspace       used 55472K, capacity 58608K, committed 58624K, reserved 1099776K
  class space    used 7563K, capacity 8695K, committed 8704K, reserved 1048576K
Event: 331.958 GC heap after
Heap after GC invocations=20 (full 4):
 PSYoungGen      total 324096K, used 0K [0x00000000eab00000, 0x0000000100000000, 0x0000000100000000)
  eden space 305152K, 0% used [0x00000000eab00000,0x00000000eab00000,0x00000000fd500000)
  from space 18944K, 0% used [0x00000000fed80000,0x00000000fed80000,0x0000000100000000)
  to   space 22016K, 0% used [0x00000000fd500000,0x00000000fd500000,0x00000000fea80000)
 ParOldGen       total 71680K, used 62553K [0x00000000c0000000, 0x00000000c4600000, 0x00000000eab00000)
  object space 71680K, 87% used [0x00000000c0000000,0x00000000c3d16590,0x00000000c4600000)
 Metaspace       used 55366K, capacity 58266K, committed 58624K, reserved 1099776K
  class space    used 7540K, capacity 8593K, committed 8704K, reserved 1048576K
}
Event: 582.945 GC heap before
{Heap before GC invocations=21 (full 5):
 PSYoungGen      total 324096K, used 305152K [0x00000000eab00000, 0x0000000100000000, 0x0000000100000000)
  eden space 305152K, 100% used [0x00000000eab00000,0x00000000fd500000,0x00000000fd500000)
  from space 18944K, 0% used [0x00000000fed80000,0x00000000fed80000,0x0000000100000000)
  to   space 22016K, 0% used [0x00000000fd500000,0x00000000fd500000,0x00000000fea80000)
 ParOldGen       total 71680K, used 62553K [0x00000000c0000000, 0x00000000c4600000, 0x00000000eab00000)
  object space 71680K, 87% used [0x00000000c0000000,0x00000000c3d16590,0x00000000c4600000)
 Metaspace       used 62741K, capacity 66486K, committed 66560K, reserved 1105920K
  class space    used 8570K, capacity 9936K, committed 9984K, reserved 1048576K

Deoptimization events (10 events):
Event: 328.444 Thread 0x00007f02e0003800 Uncommon trap: reason=unstable_if action=reinterpret pc=0x00007f0321176764 method=org.codehaus.groovy.runtime.metaclass.MetaMethodIndex.isNonRealMethod(Lgroovy/lang/MetaMethod;)Z @ 4
Event: 328.736 Thread 0x00007f02e0003800 Uncommon trap: reason=unstable_if action=reinterpret pc=0x00007f0321f00394 method=java.lang.reflect.Proxy.isProxyClass(Ljava/lang/Class;)Z @ 6
Event: 582.326 Thread 0x00007f02e000a800 Uncommon trap: reason=null_check action=make_not_entrant pc=0x00007f0321a29780 method=com.sun.org.apache.xerces.internal.dom.ElementImpl.getDefaultAttributes()Lcom/sun/org/apache/xerces/internal/dom/NamedNodeMapImpl; @ 7
Event: 582.489 Thread 0x00007f02e000a800 Uncommon trap: reason=predicate action=maybe_recompile pc=0x00007f0321485c10 method=java.util.TimSort.binarySort([Ljava/lang/Object;IIILjava/util/Comparator;)V @ 37
Event: 582.652 Thread 0x00007f02e000a800 Uncommon trap: reason=null_check action=make_not_entrant pc=0x00007f0322773efc method=java.beans.Introspector.isAssignable(Ljava/lang/Class;Ljava/lang/Class;)Z @ 23
Event: 582.859 Thread 0x00007f02e000a800 Uncommon trap: reason=array_check action=maybe_recompile pc=0x00007f03227c2704 method=java.util.TimSort.binarySort([Ljava/lang/Object;IIILjava/util/Comparator;)V @ 183
Event: 582.859 Thread 0x00007f02e000a800 Uncommon trap: reason=array_check action=maybe_recompile pc=0x00007f03227c25e0 method=java.util.TimSort.binarySort([Ljava/lang/Object;IIILjava/util/Comparator;)V @ 193
Event: 582.859 Thread 0x00007f02e000a800 Uncommon trap: reason=array_check action=maybe_recompile pc=0x00007f03227c24c8 method=java.util.TimSort.binarySort([Ljava/lang/Object;IIILjava/util/Comparator;)V @ 215
Event: 582.862 Thread 0x00007f02e000a800 Uncommon trap: reason=null_check action=make_not_entrant pc=0x00007f03226d53bc method=java.beans.Introspector.isAssignable(Ljava/lang/Class;Ljava/lang/Class;)Z @ 23
Event: 582.871 Thread 0x00007f02e000a800 Uncommon trap: reason=array_check action=maybe_recompile pc=0x00007f03227c2704 method=java.util.TimSort.binarySort([Ljava/lang/Object;IIILjava/util/Comparator;)V @ 183

Internal exceptions (10 events):
Event: 582.861 Thread 0x00007f02e000a800 Exception <a 'java/lang/ClassNotFoundException': com/android/build/gradle/tasks/DexBeanInfo> (0x00000000fd027d18) thrown at [/HUDSON/workspace/8-2-build-linux-amd64/jdk8u40/2855/hotspot/src/share/vm/classfile/systemDictionary.cpp, line 210]
Event: 582.861 Thread 0x00007f02e000a800 Exception <a 'java/lang/ClassNotFoundException': com/android/build/gradle/tasks/DexCustomizer> (0x00000000fd032ab0) thrown at [/HUDSON/workspace/8-2-build-linux-amd64/jdk8u40/2855/hotspot/src/share/vm/classfile/systemDictionary.cpp, line 210]
Event: 582.862 Thread 0x00007f02e000a800 Exception <a 'java/lang/ClassNotFoundException': com/android/build/gradle/tasks/Dex_DecoratedCustomizer> (0x00000000fd09e078) thrown at [/HUDSON/workspace/8-2-build-linux-amd64/jdk8u40/2855/hotspot/src/share/vm/classfile/systemDictionary.cpp, line 210]
Event: 582.872 Thread 0x00007f02e000a800 Exception <a 'java/lang/ClassNotFoundException': com/android/build/gradle/tasks/PreDex_DecoratedBeanInfo> (0x00000000fd28f830) thrown at [/HUDSON/workspace/8-2-build-linux-amd64/jdk8u40/2855/hotspot/src/share/vm/classfile/systemDictionary.cpp, line 210]
Event: 582.872 Thread 0x00007f02e000a800 Exception <a 'java/lang/ClassNotFoundException': com/android/build/gradle/tasks/PreDexBeanInfo> (0x00000000fd29a938) thrown at [/HUDSON/workspace/8-2-build-linux-amd64/jdk8u40/2855/hotspot/src/share/vm/classfile/systemDictionary.cpp, line 210]
Event: 582.872 Thread 0x00007f02e000a800 Exception <a 'java/lang/ClassNotFoundException': com/android/build/gradle/tasks/PreDexCustomizer> (0x00000000fd2a5ce8) thrown at [/HUDSON/workspace/8-2-build-linux-amd64/jdk8u40/2855/hotspot/src/share/vm/classfile/systemDictionary.cpp, line 210]
Event: 582.873 Thread 0x00007f02e000a800 Exception <a 'java/lang/ClassNotFoundException': com/android/build/gradle/tasks/PreDex_DecoratedCustomizer> (0x00000000fd2f8ff8) thrown at [/HUDSON/workspace/8-2-build-linux-amd64/jdk8u40/2855/hotspot/src/share/vm/classfile/systemDictionary.cpp, line 210]
Event: 582.901 Thread 0x00007f02e000a800 Exception <a 'java/lang/ClassNotFoundException': com/android/build/gradle/tasks/PackageApplication_DecoratedBeanInfo> (0x00000000fd4e33f0) thrown at [/HUDSON/workspace/8-2-build-linux-amd64/jdk8u40/2855/hotspot/src/share/vm/classfile/systemDictionary.cpp,
Event: 582.901 Thread 0x00007f02e000a800 Exception <a 'java/lang/ClassNotFoundException': com/android/build/gradle/tasks/PackageApplicationBeanInfo> (0x00000000fd4efcc8) thrown at [/HUDSON/workspace/8-2-build-linux-amd64/jdk8u40/2855/hotspot/src/share/vm/classfile/systemDictionary.cpp, line 210]
Event: 582.901 Thread 0x00007f02e000a800 Exception <a 'java/lang/ClassNotFoundException': com/android/build/gradle/tasks/PackageApplicationCustomizer> (0x00000000fd4fcdb8) thrown at [/HUDSON/workspace/8-2-build-linux-amd64/jdk8u40/2855/hotspot/src/share/vm/classfile/systemDictionary.cpp, line 21

Events (10 events):
Event: 582.901 loading class com/android/build/gradle/tasks/PackageApplication_DecoratedBeanInfo done
Event: 582.901 loading class com/android/build/gradle/tasks/PackageApplicationBeanInfo
Event: 582.901 loading class com/android/build/gradle/tasks/PackageApplicationBeanInfo done
Event: 582.901 loading class com/android/build/gradle/tasks/PackageApplicationBeanInfo
Event: 582.901 loading class com/android/build/gradle/tasks/PackageApplicationBeanInfo done
Event: 582.901 loading class com/android/build/gradle/tasks/PackageApplicationCustomizer
Event: 582.901 loading class com/android/build/gradle/tasks/PackageApplicationCustomizer done
Event: 582.901 loading class com/android/build/gradle/tasks/PackageApplicationCustomizer
Event: 582.901 loading class com/android/build/gradle/tasks/PackageApplicationCustomizer done
Event: 582.924 Executing VM operation: ParallelGCFailedAllocation


Dynamic libraries:
00400000-00401000 r-xp 00000000 08:07 2236421                            /usr/local/jdk1.8.0_40/bin/java
00600000-00601000 rw-p 00000000 08:07 2236421                            /usr/local/jdk1.8.0_40/bin/java
01454000-01475000 rw-p 00000000 00:00 0                                  [heap]
c0000000-c4600000 rw-p 00000000 00:00 0 
c8400000-eab00000 ---p 00000000 00:00 0 
eab00000-100000000 rw-p 00000000 00:00 0 
100000000-1009c0000 rw-p 00000000 00:00 0 
1009c0000-140000000 ---p 00000000 00:00 0 
7f02c3e00000-7f02c3f40000 rw-p 00000000 00:00 0 
7f02c3f40000-7f02c4000000 ---p 00000000 00:00 0 
7f02c4000000-7f02c4021000 rw-p 00000000 00:00 0 
7f02c4021000-7f02c8000000 ---p 00000000 00:00 0 
7f02c8000000-7f02c84b8000 rw-p 00000000 00:00 0 
7f02c84b8000-7f02cc000000 ---p 00000000 00:00 0 
7f02cc000000-7f02ccd1d000 rw-p 00000000 00:00 0 
7f02ccd1d000-7f02d0000000 ---p 00000000 00:00 0 
7f02d0000000-7f02d0021000 rw-p 00000000 00:00 0 
7f02d0021000-7f02d4000000 ---p 00000000 00:00 0 
7f02d4000000-7f02d4398000 rw-p 00000000 00:00 0 
7f02d4398000-7f02d8000000 ---p 00000000 00:00 0 
7f02d8000000-7f02d8021000 rw-p 00000000 00:00 0 
7f02d8021000-7f02dc000000 ---p 00000000 00:00 0 
7f02dc000000-7f02dc02c000 rw-p 00000000 00:00 0 
7f02dc02c000-7f02e0000000 ---p 00000000 00:00 0 
7f02e0000000-7f02e0021000 rw-p 00000000 00:00 0 
7f02e0021000-7f02e4000000 ---p 00000000 00:00 0 
7f02e4000000-7f02e4021000 rw-p 00000000 00:00 0 
7f02e4021000-7f02e8000000 ---p 00000000 00:00 0 
7f02e8000000-7f02e8021000 rw-p 00000000 00:00 0 
7f02e8021000-7f02ec000000 ---p 00000000 00:00 0 
7f02ec000000-7f02ee34e000 rw-p 00000000 00:00 0 
7f02ee34e000-7f02f0000000 ---p 00000000 00:00 0 
7f02f0000000-7f02f0c33000 rw-p 00000000 00:00 0 
7f02f0c33000-7f02f4000000 ---p 00000000 00:00 0 
7f02f4000000-7f02f4021000 rw-p 00000000 00:00 0 
7f02f4021000-7f02f8000000 ---p 00000000 00:00 0 
7f02f8000000-7f02fa6c7000 rw-p 00000000 00:00 0 
7f02fa6c7000-7f02fc000000 ---p 00000000 00:00 0 
7f02fc000000-7f02fc021000 rw-p 00000000 00:00 0 
7f02fc021000-7f0300000000 ---p 00000000 00:00 0 
7f0300000000-7f0300021000 rw-p 00000000 00:00 0 
7f0300021000-7f0304000000 ---p 00000000 00:00 0 
7f0304000000-7f0304035000 rw-p 00000000 00:00 0 
7f0304035000-7f0308000000 ---p 00000000 00:00 0 
7f0308000000-7f030828a000 rw-p 00000000 00:00 0 
7f030828a000-7f030c000000 ---p 00000000 00:00 0 
7f030c000000-7f030c021000 rw-p 00000000 00:00 0 
7f030c021000-7f0310000000 ---p 00000000 00:00 0 
7f03100a9000-7f03102a9000 rw-p 00000000 00:00 0 
7f03102a9000-7f03104a9000 rw-p 00000000 00:00 0 
7f03104a9000-7f03106a9000 rw-p 00000000 00:00 0 
7f03106a9000-7f03108a9000 rw-p 00000000 00:00 0 
7f03108a9000-7f0310aa9000 rw-p 00000000 00:00 0 
7f0310aa9000-7f0310ca9000 rw-p 00000000 00:00 0 
7f0310ca9000-7f0310ea9000 rw-p 00000000 00:00 0 
7f0310ea9000-7f0310ec0000 r-xp 00000000 08:07 1060170                    /lib/x86_64-linux-gnu/libresolv-2.19.so
7f0310ec0000-7f03110c0000 ---p 00017000 08:07 1060170                    /lib/x86_64-linux-gnu/libresolv-2.19.so
7f03110c0000-7f03110c1000 r--p 00017000 08:07 1060170                    /lib/x86_64-linux-gnu/libresolv-2.19.so
7f03110c1000-7f03110c2000 rw-p 00018000 08:07 1060170                    /lib/x86_64-linux-gnu/libresolv-2.19.so
7f03110c2000-7f03110c4000 rw-p 00000000 00:00 0 
7f03110c4000-7f03110c9000 r-xp 00000000 08:07 1060174                    /lib/x86_64-linux-gnu/libnss_dns-2.19.so
7f03110c9000-7f03112c8000 ---p 00005000 08:07 1060174                    /lib/x86_64-linux-gnu/libnss_dns-2.19.so
7f03112c8000-7f03112c9000 r--p 00004000 08:07 1060174                    /lib/x86_64-linux-gnu/libnss_dns-2.19.so
7f03112c9000-7f03112ca000 rw-p 00005000 08:07 1060174                    /lib/x86_64-linux-gnu/libnss_dns-2.19.so
7f03112ca000-7f03112cc000 r-xp 00000000 08:07 1052823                    /lib/x86_64-linux-gnu/libnss_mdns4_minimal.so.2
7f03112cc000-7f03114cb000 ---p 00002000 08:07 1052823                    /lib/x86_64-linux-gnu/libnss_mdns4_minimal.so.2
7f03114cb000-7f03114cc000 r--p 00001000 08:07 1052823                    /lib/x86_64-linux-gnu/libnss_mdns4_minimal.so.2
7f03114cc000-7f03114cd000 rw-p 00002000 08:07 1052823                    /lib/x86_64-linux-gnu/libnss_mdns4_minimal.so.2
7f03114df000-7f03114e0000 rw-p 00000000 00:00 0 
7f03114e0000-7f03114e5000 r--s 0003f000 08:07 135561                     /usr/local/jdk1.8.0_40/jre/lib/ext/sunjce_provider.jar
7f03114e5000-7f03116e5000 rw-p 00000000 00:00 0 
7f03116e5000-7f0311717000 r-xp 00000000 08:07 135658                     /usr/local/jdk1.8.0_40/jre/lib/amd64/libsunec.so
7f0311717000-7f0311916000 ---p 00032000 08:07 135658                     /usr/local/jdk1.8.0_40/jre/lib/amd64/libsunec.so
7f0311916000-7f031191c000 rw-p 00031000 08:07 135658                     /usr/local/jdk1.8.0_40/jre/lib/amd64/libsunec.so
7f031191c000-7f031192c000 rw-p 00000000 00:00 0 
7f031192c000-7f031192d000 r--s 00009000 08:07 135552                     /usr/local/jdk1.8.0_40/jre/lib/ext/sunec.jar
7f031192d000-7f0311930000 r--s 0003a000 08:07 135558                     /usr/local/jdk1.8.0_40/jre/lib/ext/sunpkcs11.jar
7f0311930000-7f0311933000 r--s 0001a000 08:07 135719                     /usr/local/jdk1.8.0_40/jre/lib/jce.jar
7f0311933000-7f0311b33000 rw-p 00000000 00:00 0 
7f0311b33000-7f0311b46000 r--s 00344000 08:07 135536                     /usr/local/jdk1.8.0_40/jre/lib/resources.jar
7f0311b46000-7f0311d46000 rw-p 00000000 00:00 0 
7f0311d46000-7f0311f46000 rw-p 00000000 00:00 0 
7f0311f46000-7f0312146000 rw-p 00000000 00:00 0 
7f0312146000-7f0312346000 rw-p 00000000 00:00 0 
7f0312346000-7f0312348000 r--s 0000d000 08:07 1969885                    /home/yash/Downloads/android-studio/gradle/m2repository/commons-codec/commons-codec/1.4/commons-codec-1.4.jar
7f0312348000-7f031234a000 r--s 0000d000 08:07 1968838                    /home/yash/Downloads/android-studio/gradle/m2repository/commons-logging/commons-logging/1.1.1/commons-logging-1.1.1.jar
7f031234a000-7f031234f000 r--s 00028000 08:07 1968883                    /home/yash/Downloads/android-studio/gradle/m2repository/org/apache/httpcomponents/httpcore/4.1/httpcore-4.1.jar
7f031234f000-7f0312357000 r--s 000a8000 08:07 1969737                    /home/yash/Downloads/android-studio/gradle/m2repository/com/android/tools/external/lombok/lombok-ast/0.2.3/lombok-ast-0.2.3.jar
7f0312357000-7f0312382000 r--s 001f9000 08:07 1969005                    /home/yash/Downloads/android-studio/gradle/m2repository/com/google/guava/guava/17.0/guava-17.0.jar
7f0312382000-7f0312389000 r--s 00053000 08:07 1968900                    /home/yash/Downloads/android-studio/gradle/m2repository/org/apache/commons/commons-compress/1.8.1/commons-compress-1.8.1.jar
7f0312389000-7f031238c000 r--s 00012000 08:07 1969754                    /home/yash/Downloads/android-studio/gradle/m2repository/com/android/tools/layoutlib/layoutlib-api/24.1.0/layoutlib-api-24.1.0.jar
7f031238c000-7f031238e000 r--s 00005000 08:07 1968876                    /home/yash/Downloads/android-studio/gradle/m2repository/org/apache/httpcomponents/httpmime/4.1/httpmime-4.1.jar
7f031238e000-7f0312396000 r--s 0004e000 08:07 1968892                    /home/yash/Downloads/android-studio/gradle/m2repository/org/apache/httpcomponents/httpclient/4.1.1/httpclient-4.1.1.jar
7f0312396000-7f0312397000 r--s 00005000 08:07 1969771                    /home/yash/Downloads/android-studio/gradle/m2repository/com/android/tools/dvlib/24.1.0/dvlib-24.1.0.jar
7f0312397000-7f0312398000 r--s 0000a000 08:07 1969881                    /home/yash/Downloads/android-studio/gradle/m2repository/net/sf/kxml/kxml2/2.3.0/kxml2-2.3.0.jar
7f0312398000-7f0312399000 r--s 00001000 08:07 1969749                    /home/yash/Downloads/android-studio/gradle/m2repository/com/android/tools/annotations/24.1.0/annotations-24.1.0.jar
7f0312399000-7f031239e000 r--s 0002a000 08:07 1968998                    /home/yash/Downloads/android-studio/gradle/m2repository/com/google/code/gson/gson/2.2.4/gson-2.2.4.jar
7f031239e000-7f03123a1000 r--s 0002b000 08:07 1969726                    /home/yash/Downloads/android-studio/gradle/m2repository/com/android/tools/lint/lint-api/24.1.0/lint-api-24.1.0.jar
7f03123a1000-7f03123a2000 r--s 00004000 08:07 1968941                    /home/yash/Downloads/android-studio/gradle/m2repository/org/ow2/asm/asm-analysis/5.0.3/asm-analysis-5.0.3.jar
7f03123a2000-7f03123b0000 r--s 00081000 08:07 1968918                    /home/yash/Downloads/android-studio/gradle/m2repository/org/bouncycastle/bcpkix-jdk15on/1.48/bcpkix-jdk15on-1.48.jar
7f03123b0000-7f03123b2000 r--s 00012000 08:07 1969780                    /home/yash/Downloads/android-studio/gradle/m2repository/com/android/tools/common/24.1.0/common-24.1.0.jar
7f03123b2000-7f03123bb000 r--s 000a9000 08:07 1969852                    /home/yash/Downloads/android-studio/gradle/m2repository/com/android/tools/sdklib/24.1.0/sdklib-24.1.0.jar
7f03123bb000-7f03123bd000 r--s 00002000 08:07 1968987                    /home/yash/Downloads/android-studio/gradle/m2repository/com/squareup/javawriter/2.5.0/javawriter-2.5.0.jar
7f03123bd000-7f03123c2000 r--s 00042000 08:07 1969790                    /home/yash/Downloads/android-studio/gradle/m2repository/com/android/tools/ddms/ddmlib/24.1.0/ddmlib-24.1.0.jar
7f03123c2000-7f03123c4000 r--s 00006000 08:07 1968965                    /home/yash/Downloads/android-studio/gradle/m2repository/org/ow2/asm/asm-tree/5.0.3/asm-tree-5.0.3.jar
7f03123c4000-7f03123f7000 r--s 00203000 08:07 1968924                    /home/yash/Downloads/android-studio/gradle/m2repository/org/bouncycastle/bcprov-jdk15on/1.48/bcprov-jdk15on-1.48.jar
7f03123f7000-7f03123fb000 r--s 00029000 08:07 1969843                    /home/yash/Downloads/android-studio/gradle/m2repository/com/android/tools/build/manifest-merger/24.1.0/manifest-merger-24.1.0.jar
7f03123fb000-7f0312402000 r--s 0005e000 08:07 1969763                    /home/yash/Downloads/android-studio/gradle/m2repository/com/android/tools/sdk-common/24.1.0/sdk-common-24.1.0.jar
7f0312402000-7f0312412000 r--s 000d3000 08:07 1969863                    /home/yash/Downloads/android-studio/gradle/m2repository/net/sf/proguard/proguard-base/5.1/proguard-base-5.1.jar
7f0312412000-7f0312417000 r--s 00091000 08:07 1969716                    /home/yash/Downloads/android-studio/gradle/m2repository/com/android/tools/lint/lint-checks/24.1.0/lint-checks-24.1.0.jar
7f0312417000-7f0312429000 r--s 00220000 08:07 1968860                    /home/yash/Downloads/android-studio/gradle/m2repository/org/eclipse/jdt/core/compiler/ecj/4.4/ecj-4.4.jar
7f0312429000-7f031242e000 r--s 00034000 08:07 1969801                    /home/yash/Downloads/android-studio/gradle/m2repository/com/android/tools/build/builder/1.1.0/builder-1.1.0.jar
7f031242e000-7f031243f000 r--s 00140000 08:07 1969836                    /home/yash/Downloads/android-studio/gradle/m2repository/com/android/tools/build/gradle-core/1.1.0/gradle-core-1.1.0.jar
7f031243f000-7f031263f000 rw-p 00000000 00:00 0 
7f031263f000-7f031283f000 rw-p 00000000 00:00 0 
7f031283f000-7f0312a3f000 rw-p 00000000 00:00 0 
7f0312a3f000-7f0312c3f000 rw-p 00000000 00:00 0 
7f0312c3f000-7f0312e3f000 rw-p 00000000 00:00 0 
7f0312e3f000-7f031303f000 rw-p 00000000 00:00 0 
7f031303f000-7f031323f000 rw-p 00000000 00:00 0 
7f031323f000-7f03132f9000 r--s 00fb6000 08:07 2113072                    /home/yash/.gradle/caches/jars-1/4ubxvm6cvkptn01nmlhp3vxjv7388k/openapi.jar
7f03132f9000-7f03132fc000 ---p 00000000 00:00 0 
7f03132fc000-7f03135fa000 rw-p 00000000 00:00 0                          [stack:3449]
7f03135fa000-7f03137fa000 rw-p 00000000 00:00 0 
7f03137fa000-7f03137fd000 ---p 00000000 00:00 0 
7f03137fd000-7f03138fb000 rw-p 00000000 00:00 0                          [stack:3870]
7f03138fb000-7f03138fe000 ---p 00000000 00:00 0 
7f03138fe000-7f03139fc000 rw-p 00000000 00:00 0                          [stack:3866]
7f03139fc000-7f03139ff000 ---p 00000000 00:00 0 
7f03139ff000-7f0313cfd000 rw-p 00000000 00:00 0                          [stack:3865]
7f0313cfd000-7f0313d00000 ---p 00000000 00:00 0 
7f0313d00000-7f0313dfe000 rw-p 00000000 00:00 0                          [stack:3867]
7f0313dfe000-7f0313e01000 ---p 00000000 00:00 0 
7f0313e01000-7f0313eff000 rw-p 00000000 00:00 0                          [stack:3864]
7f0313eff000-7f0313f02000 ---p 00000000 00:00 0 
7f0313f02000-7f0314000000 rw-p 00000000 00:00 0                          [stack:3441]
7f0314000000-7f0314021000 rw-p 00000000 00:00 0 
7f0314021000-7f0318000000 ---p 00000000 00:00 0 
7f0318000000-7f0318001000 r--s 0000c000 08:07 1968953                    /home/yash/Downloads/android-studio/gradle/m2repository/org/ow2/asm/asm/5.0.3/asm-5.0.3.jar
7f0318001000-7f0318002000 r--s 00002000 08:07 1969819                    /home/yash/Downloads/android-studio/gradle/m2repository/com/android/tools/build/builder-test-api/1.1.0/builder-test-api-1.1.0.jar
7f0318002000-7f0318004000 r--s 00004000 08:07 1969811                    /home/yash/Downloads/android-studio/gradle/m2repository/com/android/tools/build/builder-model/1.1.0/builder-model-1.1.0.jar
7f0318004000-7f0318005000 r--s 00002000 08:07 1969868                    /home/yash/Downloads/android-studio/gradle/m2repository/net/sf/proguard/proguard-gradle/5.1/proguard-gradle-5.1.jar
7f0318005000-7f0318007000 r--s 0001a000 08:07 1969707                    /home/yash/Downloads/android-studio/gradle/m2repository/com/android/tools/lint/lint/24.1.0/lint-24.1.0.jar
7f0318007000-7f0318008000 r--s 00009000 08:07 1969829                    /home/yash/Downloads/android-studio/gradle/m2repository/com/android/tools/build/gradle/1.1.0/gradle-1.1.0.jar
7f0318008000-7f031800a000 r--s 0001b000 08:07 1970003                    /home/yash/Downloads/android-studio/plugins/gradle/lib/gradle-tooling-extension-impl.jar
7f031800a000-7f031800c000 r--s 00005000 08:07 1970014                    /home/yash/Downloads/android-studio/plugins/gradle/lib/gradle-tooling-extension-api.jar
7f031800c000-7f031800f000 ---p 00000000 00:00 0 
7f031800f000-7f0318045000 rw-p 00000000 00:00 0 
7f0318045000-7f0318046000 r--p 00000000 00:00 0 
7f0318046000-7f0318048000 r--s 00004000 08:07 2113074                    /home/yash/.gradle/caches/jars-1/qtven7mi8z3hsfxxq8clnrju24s99pt/builder-model-1.1.0-rc1.jar
7f0318048000-7f0318049000 r--s 00000000 08:07 2113076                    /home/yash/.gradle/caches/jars-1/dg22azhabc6tsc1i8xni15giz1bnssh/gradle-appengine-builder-model-0.1.0.jar
7f0318049000-7f0318071000 r--s 001cf000 08:07 2113066                    /home/yash/.gradle/caches/jars-1/87eo0lrvp84r6dbxjq018wy66es2era/guava-jdk5-17.0.jar
7f0318071000-7f03180ea000 r--s 010e7000 08:07 2364601                    /usr/local/jdk1.8.0_40/lib/tools.jar
7f03180ea000-7f03180fb000 r-xp 00000000 08:07 135706                     /usr/local/jdk1.8.0_40/jre/lib/amd64/libnio.so
7f03180fb000-7f03182fa000 ---p 00011000 08:07 135706                     /usr/local/jdk1.8.0_40/jre/lib/amd64/libnio.so
7f03182fa000-7f03182fb000 rw-p 00010000 08:07 135706                     /usr/local/jdk1.8.0_40/jre/lib/amd64/libnio.so
7f03182fb000-7f0318311000 r-xp 00000000 08:07 135703                     /usr/local/jdk1.8.0_40/jre/lib/amd64/libnet.so
7f0318311000-7f0318511000 ---p 00016000 08:07 135703                     /usr/local/jdk1.8.0_40/jre/lib/amd64/libnet.so
7f0318511000-7f0318512000 rw-p 00016000 08:07 135703                     /usr/local/jdk1.8.0_40/jre/lib/amd64/libnet.so
7f0318512000-7f0318528000 r-xp 00000000 08:07 1052720                    /lib/x86_64-linux-gnu/libgcc_s.so.1
7f0318528000-7f0318727000 ---p 00016000 08:07 1052720                    /lib/x86_64-linux-gnu/libgcc_s.so.1
7f0318727000-7f0318728000 rw-p 00015000 08:07 1052720                    /lib/x86_64-linux-gnu/libgcc_s.so.1
7f0318728000-7f031880e000 r-xp 00000000 08:07 797275                     /usr/lib/x86_64-linux-gnu/libstdc++.so.6.0.19
7f031880e000-7f0318a0d000 ---p 000e6000 08:07 797275                     /usr/lib/x86_64-linux-gnu/libstdc++.so.6.0.19
7f0318a0d000-7f0318a15000 r--p 000e5000 08:07 797275                     /usr/lib/x86_64-linux-gnu/libstdc++.so.6.0.19
7f0318a15000-7f0318a17000 rw-p 000ed000 08:07 797275                     /usr/lib/x86_64-linux-gnu/libstdc++.so.6.0.19
7f0318a17000-7f0318a2c000 rw-p 00000000 00:00 0 
7f0318a2c000-7f0318a2e000 r--s 00005000 08:07 2113070                    /home/yash/.gradle/caches/jars-1/bhwj5r0qcaq4pqpfen2765w10ydne55/gradle-tooling-extension-api.jar
7f0318a2e000-7f0318a34000 r--s 00026000 08:07 2113068                    /home/yash/.gradle/caches/jars-1/qlb402qqdb9mu9614i3hr843cfch7zw/gradle-base-services-2.2.jar
7f0318a34000-7f0318a3d000 r--s 0002c000 08:07 2113064                    /home/yash/.gradle/caches/jars-1/ltkluv74baem3ersp41z8rutm6he5v5/gradle-tooling-api-2.2.jar
7f0318a3d000-7f0318a44000 r--s 00000000 08:07 1329085                    /usr/lib/x86_64-linux-gnu/gconv/gconv-modules.cache
7f0318a44000-7f0318a48000 r-xp 00000000 08:07 1052390                    /tmp/native-platform3560476423841525006dir/libnative-platform.so
7f0318a48000-7f0318c47000 ---p 00004000 08:07 1052390                    /tmp/native-platform3560476423841525006dir/libnative-platform.so
7f0318c47000-7f0318c48000 rw-p 00003000 08:07 1052390                    /tmp/native-platform3560476423841525006dir/libnative-platform.so
7f0318c48000-7f0318c4d000 r--s 00094000 08:07 135550                     /usr/local/jdk1.8.0_40/jre/lib/jsse.jar
7f0318c4d000-7f0318c4e000 r--s 00001000 08:07 1968820                    /home/yash/Downloads/android-studio/gradle/gradle-2.2.1/lib/plugins/gradle-plugin-development-2.2.1.jar
7f0318c4e000-7f0318c50000 r--s 00002000 08:07 1968728                    /home/yash/Downloads/android-studio/gradle/gradle-2.2.1/lib/plugins/gradle-cunit-2.2.1.jar
7f0318c50000-7f0318c55000 r--s 00036000 08:07 1968809                    /home/yash/Downloads/android-studio/gradle/gradle-2.2.1/lib/plugins/gradle-ide-native-2.2.1.jar
7f0318c55000-7f0318c5a000 r--s 00013000 08:07 1968773                    /home/yash/Downloads/android-studio/gradle/gradle-2.2.1/lib/plugins/gradle-language-native-2.2.1.jar
7f0318c5a000-7f0318c65000 r--s 0004d000 08:07 1968792                    /home/yash/Downloads/android-studio/gradle/gradle-2.2.1/lib/plugins/gradle-platform-native-2.2.1.jar
7f0318c65000-7f0318c67000 r--s 00008000 08:07 1968757                    /home/yash/Downloads/android-studio/gradle/gradle-2.2.1/lib/plugins/gradle-language-groovy-2.2.1.jar
7f0318c67000-7f0318c6c000 r--s 00022000 08:07 1968828                    /home/yash/Downloads/android-studio/gradle/gradle-2.2.1/lib/plugins/gradle-language-java-2.2.1.jar
7f0318c6c000-7f0318c6f000 r--s 00007000 08:07 1968797                    /home/yash/Downloads/android-studio/gradle/gradle-2.2.1/lib/plugins/gradle-language-jvm-2.2.1.jar
7f0318c6f000-7f0318c72000 r--s 00009000 08:07 1968760                    /home/yash/Downloads/android-studio/gradle/gradle-2.2.1/lib/plugins/gradle-platform-jvm-2.2.1.jar
7f0318c72000-7f0318c77000 r--s 00018000 08:07 1968733                    /home/yash/Downloads/android-studio/gradle/gradle-2.2.1/lib/plugins/gradle-platform-base-2.2.1.jar
7f0318c77000-7f0318c7c000 r--s 00026000 08:07 1968830                    /home/yash/Downloads/android-studio/gradle/gradle-2.2.1/lib/plugins/gradle-build-init-2.2.1.jar
7f0318c7c000-7f0318c7f000 r--s 0001d000 08:07 1968810                    /home/yash/Downloads/android-studio/gradle/gradle-2.2.1/lib/plugins/gradle-jacoco-2.2.1.jar
7f0318c7f000-7f0318c82000 r--s 0000d000 08:07 1968802                    /home/yash/Downloads/android-studio/gradle/gradle-2.2.1/lib/plugins/gradle-ivy-2.2.1.jar
7f0318c82000-7f0318c84000 r--s 00002000 08:07 1968804                    /home/yash/Downloads/android-studio/gradle/gradle-2.2.1/lib/plugins/gradle-publish-2.2.1.jar
7f0318c84000-7f0318c86000 r--s 00005000 08:07 1968765                    /home/yash/Downloads/android-studio/gradle/gradle-2.2.1/lib/plugins/jatl-0.2.2.jar
7f0318c86000-7f0318c88000 r--s 0000f000 08:07 1968799                    /home/yash/Downloads/android-studio/gradle/gradle-2.2.1/lib/plugins/gradle-reporting-2.2.1.jar
7f0318c88000-7f0318c8d000 r--s 00034000 08:07 1968806                    /home/yash/Downloads/android-studio/gradle/gradle-2.2.1/lib/plugins/gradle-diagnostics-2.2.1.jar
7f0318c8d000-7f0318c94000 r--s 00090000 08:07 1968739                    /home/yash/Downloads/android-studio/gradle/gradle-2.2.1/lib/plugins/gradle-build-comparison-2.2.1.jar
7f0318c94000-7f0318c9b000 r--s 00035000 08:07 1968784                    /home/yash/Downloads/android-studio/gradle/gradle-2.2.1/lib/plugins/simple-4.1.21.jar
7f0318c9b000-7f0318ca7000 r--s 00100000 08:07 1968818                    /home/yash/Downloads/android-studio/gradle/gradle-2.2.1/lib/plugins/rhino-1.7R3.jar
7f0318ca7000-7f0318cac000 r--s 0001f000 08:07 1968805                    /home/yash/Downloads/android-studio/gradle/gradle-2.2.1/lib/plugins/gradle-javascript-2.2.1.jar
7f0318cac000-7f0318cae000 r--s 0000e000 08:07 1968803                    /home/yash/Downloads/android-studio/gradle/gradle-2.2.1/lib/plugins/gradle-ear-2.2.1.jar
7f0318cae000-7f0318cb2000 r--s 00025000 08:07 1968727                    /home/yash/Downloads/android-studio/gradle/gradle-2.2.1/lib/plugins/bcpg-jdk15-1.46.jar
7f0318cb2000-7f0318cb5000 r--s 0001d000 08:07 1968742                    /home/yash/Downloads/android-studio/gradle/gradle-2.2.1/lib/plugins/gradle-signing-2.2.1.jar
7f0318cb5000-7f0318cb6000 r--s 00002000 08:07 1968715                    /home/yash/Downloads/android-studio/gradle/gradle-2.2.1/lib/plugins/sonar-batch-bootstrapper-2.9.jar
7f0318cb6000-7f0318cb9000 r--s 00018000 08:07 1968771                    /home/yash/Downloads/android-studio/gradle/gradle-2.2.1/lib/plugins/gradle-sonar-2.2.1.jar
7f0318cb9000-7f0318cbc000 r--s 00017000 08:07 1968756                    /home/yash/Downloads/android-studio/gradle/gradle-2.2.1/lib/plugins/gradle-scala-2.2.1.jar
7f0318cbc000-7f0318cbe000 r--s 0000e000 08:07 1968762                    /home/yash/Downloads/android-studio/gradle/gradle-2.2.1/lib/plugins/gradle-announce-2.2.1.jar
7f0318cbe000-7f0318ccc000 r--s 000bc000 08:07 1968734                    /home/yash/Downloads/android-studio/gradle/gradle-2.2.1/lib/plugins/gradle-ide-2.2.1.jar
7f0318ccc000-7f0318cce000 r--s 00000000 08:07 1968811                    /home/yash/Downloads/android-studio/gradle/gradle-2.2.1/lib/plugins/plexus-component-annotations-1.5.2.jar
7f0318cce000-7f0318cd1000 r--s 0000c000 08:07 1968761                    /home/yash/Downloads/android-studio/gradle/gradle-2.2.1/lib/plugins/pmaven-groovy-0.8-20100325.jar
7f0318cd1000-7f0318cd2000 r--s 00004000 08:07 1968788                    /home/yash/Downloads/android-studio/gradle/gradle-2.2.1/lib/plugins/pmaven-common-0.8-20100325.jar
7f0318cd2000-7f0318cd6000 r--s 0001e000 08:07 1968779                    /home/yash/Downloads/android-studio/gradle/gradle-2.2.1/lib/plugins/gradle-maven-2.2.1.jar
7f0318cd6000-7f0318cee000 r--s 0013b000 08:07 1968822                    /home/yash/Downloads/android-studio/gradle/gradle-2.2.1/lib/plugins/bndlib-2.1.0.jar
7f0318cee000-7f0318cf0000 r--s 00004000 08:07 1968747                    /home/yash/Downloads/android-studio/gradle/gradle-2.2.1/lib/plugins/gradle-osgi-2.2.1.jar
7f0318cf0000-7f0318cf5000 r--s 00068000 08:07 1968780                    /home/yash/Downloads/android-studio/gradle/gradle-2.2.1/lib/plugins/antlr-2.7.7.jar
7f0318cf5000-7f0318cf6000 r--s 00002000 08:07 1968817                    /home/yash/Downloads/android-studio/gradle/gradle-2.2.1/lib/plugins/ant-antlr-1.9.3.jar
7f0318cf6000-7f0318cf8000 r--s 00004000 08:07 1968808                    /home/yash/Downloads/android-studio/gradle/gradle-2.2.1/lib/plugins/gradle-antlr-2.2.1.jar
7f0318cf8000-7f0318cfb000 r--s 0001e000 08:07 1968775                    /home/yash/Downloads/android-studio/gradle/gradle-2.2.1/lib/plugins/jsp-api-2.1-6.1.14.jar
7f0318cfb000-7f0318d1e000 r--s 00344000 08:07 1968812                    /home/yash/Downloads/android-studio/gradle/gradle-2.2.1/lib/plugins/core-3.1.1.jar
7f0318d1e000-7f0318d1f000 r--s 00006000 08:07 1968831                    /home/yash/Downloads/android-studio/gradle/gradle-2.2.1/lib/plugins/jetty-naming-6.1.25.jar
7f0318d1f000-7f0318d20000 r--s 00002000 08:07 1968752                    /home/yash/Downloads/android-studio/gradle/gradle-2.2.1/lib/plugins/geronimo-annotation_1.0_spec-1.0.jar
7f0318d20000-7f0318d22000 r--s 00002000 08:07 1968767                    /home/yash/Downloads/android-studio/gradle/gradle-2.2.1/lib/plugins/jetty-annotations-6.1.25.jar
7f0318d22000-7f0318d33000 r--s 000ea000 08:07 1968793                    /home/yash/Downloads/android-studio/gradle/gradle-2.2.1/lib/plugins/jsp-2.1-6.1.14.jar
7f0318d33000-7f0318d35000 r--s 0000d000 08:07 1968731                    /home/yash/Downloads/android-studio/gradle/gradle-2.2.1/lib/plugins/jetty-plus-6.1.25.jar
7f0318d35000-7f0318d37000 r--s 0001f000 08:07 1968759                    /home/yash/Downloads/android-studio/gradle/gradle-2.2.1/lib/plugins/servlet-api-2.5-20081211.jar
7f0318d37000-7f0318d3b000 r--s 00028000 08:07 1968716                    /home/yash/Downloads/android-studio/gradle/gradle-2.2.1/lib/plugins/jetty-util-6.1.25.jar
7f0318d3b000-7f0318d42000 r--s 0007d000 08:07 1968795                    /home/yash/Downloads/android-studio/gradle/gradle-2.2.1/lib/plugins/jetty-6.1.25.jar
7f0318d42000-7f0318d44000 r--s 00009000 08:07 1968745                    /home/yash/Downloads/android-studio/gradle/gradle-2.2.1/lib/plugins/gradle-jetty-2.2.1.jar
7f0318d44000-7f0318d49000 r--s 00041000 08:07 1968749                    /home/yash/Downloads/android-studio/gradle/gradle-2.2.1/lib/plugins/gradle-code-quality-2.2.1.jar
7f0318d49000-7f0318d4b000 r--s 00009000 08:07 1968753                    /home/yash/Downloads/android-studio/gradle/gradle-2.2.1/lib/plugins/hamcrest-core-1.3.jar
7f0318d4b000-7f0318d51000 r--s 00033000 08:07 1968798                    /home/yash/Downloads/android-studio/gradle/gradle-2.2.1/lib/plugins/snakeyaml-1.6.jar
7f0318d51000-7f0318d53000 r--s 00006000 08:07 1968736                    /home/yash/Downloads/android-studio/gradle/gradle-2.2.1/lib/plugins/jcommander-1.12.jar
7f0318d53000-7f0318d58000 r--s 00040000 08:07 1968807                    /home/yash/Downloads/android-studio/gradle/gradle-2.2.1/lib/plugins/bsh-2.0b4.jar
7f0318d58000-7f0318d5a000 r--s 00009000 08:07 1968725                    /home/yash/Downloads/android-studio/gradle/gradle-2.2.1/lib/plugins/commons-cli-1.2.jar
7f0318d5a000-7f0318d63000 r--s 00089000 08:07 1968750                    /home/yash/Downloads/android-studio/gradle/gradle-2.2.1/lib/plugins/testng-6.3.1.jar
7f0318d63000-7f0318d69000 r--s 00036000 08:07 1968776                    /home/yash/Downloads/android-studio/gradle/gradle-2.2.1/lib/plugins/junit-4.11.jar
7f0318d69000-7f0318d75000 r--s 00075000 08:07 1968743                    /home/yash/Downloads/android-studio/gradle/gradle-2.2.1/lib/plugins/gradle-plugins-2.2.1.jar
7f0318d75000-7f0318d78000 r--s 00011000 08:07 1968717                    /home/yash/Downloads/android-studio/gradle/gradle-2.2.1/lib/plugins/gradle-plugin-use-2.2.1.jar
7f0318d78000-7f0318d90000 r--s 00115000 08:07 1968790                    /home/yash/Downloads/android-studio/gradle/gradle-2.2.1/lib/plugins/xercesImpl-2.9.1.jar
7f0318d90000-7f0318d98000 r--s 00028000 08:07 1968768                    /home/yash/Downloads/android-studio/gradle/gradle-2.2.1/lib/plugins/xml-apis-1.3.04.jar
7f0318d98000-7f0318d9e000 r--s 0005b000 08:07 1968721                    /home/yash/Downloads/android-studio/gradle/gradle-2.2.1/lib/plugins/jcifs-1.3.17.jar
7f0318d9e000-7f0318da4000 r--s 00031000 08:07 1968738                    /home/yash/Downloads/android-studio/gradle/gradle-2.2.1/lib/plugins/httpcore-4.2.2.jar
7f0318da4000-7f0318daa000 r--s 00033000 08:07 1968720                    /home/yash/Downloads/android-studio/gradle/gradle-2.2.1/lib/plugins/commons-codec-1.6.jar
7f0318daa000-7f0318dad000 r--s 0001c000 08:07 1968826                    /home/yash/Downloads/android-studio/gradle/gradle-2.2.1/lib/plugins/nekohtml-1.9.14.jar
7f0318dad000-7f0318db6000 r--s 00060000 08:07 1968751                    /home/yash/Downloads/android-studio/gradle/gradle-2.2.1/lib/plugins/httpclient-4.2.2.jar
7f0318db6000-7f0318db8000 r--s 00007000 08:07 1968816                    /home/yash/Downloads/android-studio/gradle/gradle-2.2.1/lib/plugins/gradle-resources-http-2.2.1.jar
7f0318db8000-7f0318de0000 r--s 00194000 08:07 1968766                    /home/yash/Downloads/android-studio/gradle/gradle-2.2.1/lib/plugins/bcprov-jdk15-1.46.jar
7f0318de0000-7f0318de4000 r--s 0001d000 08:07 1968813                    /home/yash/Downloads/android-studio/gradle/gradle-2.2.1/lib/plugins/xbean-reflect-3.4.jar
7f0318de4000-7f0318de9000 r--s 0002a000 08:07 1968823                    /home/yash/Downloads/android-studio/gradle/gradle-2.2.1/lib/plugins/gson-2.2.4.jar
7f0318de9000-7f0318ded000 r--s 0003d000 08:07 1968772                    /home/yash/Downloads/android-studio/gradle/gradle-2.2.1/lib/plugins/jsch-0.1.51.jar
7f0318ded000-7f0318e06000 r--s 00129000 08:07 1968819                    /home/yash/Downloads/android-studio/gradle/gradle-2.2.1/lib/plugins/maven-ant-tasks-2.1.3.jar
7f0318e06000-7f0318e15000 r--s 000d9000 08:07 1968801                    /home/yash/Downloads/android-studio/gradle/gradle-2.2.1/lib/plugins/ivy-2.2.0.jar
7f0318e15000-7f0318e19000 r--s 0001e000 08:07 1968769                    /home/yash/Downloads/android-studio/gradle/gradle-2.2.1/lib/plugins/jarjar-aether-impl-1.13.1.jar
7f0318e19000-7f0318e1c000 r--s 00027000 08:07 1968774                    /home/yash/Downloads/android-studio/gradle/gradle-2.2.1/lib/plugins/jarjar-maven-model-3.0.4.jar
7f0318e1c000-7f0318e1f000 r--s 0000b000 08:07 1968764                    /home/yash/Downloads/android-studio/gradle/gradle-2.2.1/lib/plugins/jarjar-maven-artifact-3.0.4.jar
7f0318e1f000-7f0318e23000 r--s 0001e000 08:07 1968741                    /home/yash/Downloads/android-studio/gradle/gradle-2.2.1/lib/plugins/jarjar-aether-util-1.13.1.jar
7f0318e23000-7f0318e25000 r--s 00007000 08:07 1968824                    /home/yash/Downloads/android-studio/gradle/gradle-2.2.1/lib/plugins/jarjar-wagon-http-shared4-2.4.jar
7f0318e25000-7f0318e32000 r--s 00083000 08:07 1968740                    /home/yash/Downloads/android-studio/gradle/gradle-2.2.1/lib/plugins/jarjar-maven-core-3.0.4.jar
7f0318e32000-7f0318e34000 r--s 00003000 08:07 1968800                    /home/yash/Downloads/android-studio/gradle/gradle-2.2.1/lib/plugins/jarjar-aether-spi-1.13.1.jar
7f0318e34000-7f0318e36000 r--s 00009000 08:07 1968789                    /home/yash/Downloads/android-studio/gradle/gradle-2.2.1/lib/plugins/jarjar-maven-settings-builder-3.0.4.jar
7f0318e36000-7f0318e3a000 r--s 00014000 08:07 1968758                    /home/yash/Downloads/android-studio/gradle/gradle-2.2.1/lib/plugins/jarjar-aether-api-1.13.1.jar
7f0318e3a000-7f0318e3b000 r--s 00002000 08:07 1968814                    /home/yash/Downloads/android-studio/gradle/gradle-2.2.1/lib/plugins/jarjar-wagon-http-2.4.jar
7f0318e3b000-7f0318e42000 r--s 00042000 08:07 1968744                    /home/yash/Downloads/android-studio/gradle/gradle-2.2.1/lib/plugins/jarjar-maven-compat-3.0.4.jar
7f0318e42000-7f0318e44000 r--s 00006000 08:07 1968763                    /home/yash/Downloads/android-studio/gradle/gradle-2.2.1/lib/plugins/jarjar-aether-connector-wagon-1.13.1.jar
7f0318e44000-7f0318e46000 r--s 00000000 08:07 1968748                    /home/yash/Downloads/android-studio/gradle/gradle-2.2.1/lib/plugins/jarjar-plexus-component-annotations-1.5.5.jar
7f0318e46000-7f0318e48000 r--s 00006000 08:07 1968729                    /home/yash/Downloads/android-studio/gradle/gradle-2.2.1/lib/plugins/jarjar-plexus-sec-dispatcher-1.3.jar
7f0318e48000-7f0318e4d000 r--s 00022000 08:07 1968815                    /home/yash/Downloads/android-studio/gradle/gradle-2.2.1/lib/plugins/jarjar-maven-model-builder-3.0.4.jar
7f0318e4d000-7f0318e4f000 r--s 0000b000 08:07 1968778                    /home/yash/Downloads/android-studio/gradle/gradle-2.2.1/lib/plugins/jarjar-maven-plugin-api-3.0.4.jar
7f0318e4f000-7f0318e52000 r--s 0000a000 08:07 1968726                    /home/yash/Downloads/android-studio/gradle/gradle-2.2.1/lib/plugins/jarjar-plexus-classworlds-2.4.jar
7f0318e52000-7f0318e56000 r--s 00035000 08:07 1968825                    /home/yash/Downloads/android-studio/gradle/gradle-2.2.1/lib/plugins/jarjar-plexus-utils-2.0.6.jar
7f0318e56000-7f0318e58000 r--s 0000e000 08:07 1968827                    /home/yash/Downloads/android-studio/gradle/gradle-2.2.1/lib/plugins/jarjar-plexus-interpolation-1.14.jar
7f0318e58000-7f0318e5a000 r--s 00002000 08:07 1968770                    /home/yash/Downloads/android-studio/gradle/gradle-2.2.1/lib/plugins/jarjar-plexus-cipher-1.7.jar
7f0318e5a000-7f0318e5c000 r--s 0000c000 08:07 1968821                    /home/yash/Downloads/android-studio/gradle/gradle-2.2.1/lib/plugins/jarjar-wagon-provider-api-2.4.jar
7f0318e5c000-7f0318e5e000 r--s 0000d000 08:07 1968829                    /home/yash/Downloads/android-studio/gradle/gradle-2.2.1/lib/plugins/jarjar-maven-aether-provider-3.0.4.jar
7f0318e5e000-7f0318e66000 r--s 00031000 08:07 1968796                    /home/yash/Downloads/android-studio/gradle/gradle-2.2.1/lib/plugins/jarjar-plexus-container-default-1.5.5.jar
7f0318e66000-7f0318e67000 r--s 00007000 08:07 1968777                    /home/yash/Downloads/android-studio/gradle/gradle-2.2.1/lib/plugins/jarjar-maven-repository-metadata-3.0.4.jar
7f0318e67000-7f0318e68000 r--s 0000b000 08:07 1968794                    /home/yash/Downloads/android-studio/gradle/gradle-2.2.1/lib/plugins/jarjar-maven-settings-3.0.4.jar
7f0318e68000-7f0318e80000 r--s 000b5000 08:07 1968791                    /home/yash/Downloads/android-studio/gradle/gradle-2.2.1/lib/plugins/gradle-dependency-management-2.2.1.jar
7f0318e80000-7f0318e8b000 r--s 00116000 08:07 135560                     /usr/local/jdk1.8.0_40/jre/lib/ext/localedata.jar
7f0318e8b000-7f0318ea7000 r--s 00393000 08:07 135554                     /usr/local/jdk1.8.0_40/jre/lib/ext/cldrdata.jar
7f0318ea7000-7f0318ea8000 r--s 00005000 08:07 1968684                    /home/yash/Downloads/android-studio/gradle/gradle-2.2.1/lib/gradle-wrapper-2.2.1.jar
7f0318ea8000-7f0318eb1000 r--s 0002c000 08:07 1968696                    /home/yash/Downloads/android-studio/gradle/gradle-2.2.1/lib/gradle-tooling-api-2.2.1.jar
7f0318eb1000-7f0318eb3000 r--s 00002000 08:07 1968707                    /home/yash/Downloads/android-studio/gradle/gradle-2.2.1/lib/gradle-open-api-2.2.1.jar
7f0318eb3000-7f0318eb9000 r--s 00032000 08:07 1968699                    /home/yash/Downloads/android-studio/gradle/gradle-2.2.1/lib/jaxen-1.1.jar
7f0318eb9000-7f0318ebe000 r--s 00048000 08:07 1968300                    /home/yash/Downloads/android-studio/gradle/gradle-2.2.1/lib/dom4j-1.6.1.jar
7f0318ebe000-7f0318ec9000 r--s 00059000 08:07 1968710                    /home/yash/Downloads/android-studio/gradle/gradle-2.2.1/lib/gradle-ui-2.2.1.jar
7f0318ec9000-7f0318ecb000 r--s 00006000 08:07 1968648                    /home/yash/Downloads/android-studio/gradle/gradle-2.2.1/lib/gradle-resources-2.2.1.jar
7f0318ecb000-7f0318ecd000 r--s 00007000 08:07 1968701                    /home/yash/Downloads/android-studio/gradle/gradle-2.2.1/lib/objenesis-1.2.jar
7f0318ecd000-7f0318ecf000 r--s 00000000 08:07 1968702                    /home/yash/Downloads/android-studio/gradle/gradle-2.2.1/lib/minlog-1.2.jar
7f0318ecf000-7f0318ed1000 r--s 0000f000 08:07 1968708                    /home/yash/Downloads/android-studio/gradle/gradle-2.2.1/lib/reflectasm-1.07-shaded.jar
7f0318ed1000-7f0318ed5000 r--s 00026000 08:07 1968832                    /home/yash/Downloads/android-studio/gradle/gradle-2.2.1/lib/kryo-2.20.jar
7f0318ed5000-7f0318ede000 r--s 00039000 08:07 1968698                    /home/yash/Downloads/android-studio/gradle/gradle-2.2.1/lib/gradle-messaging-2.2.1.jar
7f0318ede000-7f0318edf000 r--s 00003000 08:07 1968712                    /home/yash/Downloads/android-studio/gradle/gradle-2.2.1/lib/native-platform-freebsd-amd64-0.10.jar
7f0318edf000-7f0318ee0000 r--s 00003000 08:07 1968686                    /home/yash/Downloads/android-studio/gradle/gradle-2.2.1/lib/native-platform-freebsd-i386-0.10.jar
7f0318ee0000-7f0318ee1000 r--s 00005000 08:07 1968697                    /home/yash/Downloads/android-studio/gradle/gradle-2.2.1/lib/native-platform-windows-i386-0.10.jar
7f0318ee1000-7f0318ee2000 r--s 00005000 08:07 1968293                    /home/yash/Downloads/android-studio/gradle/gradle-2.2.1/lib/native-platform-windows-amd64-0.10.jar
7f0318ee2000-7f0318ee3000 r--s 00003000 08:07 1968299                    /home/yash/Downloads/android-studio/gradle/gradle-2.2.1/lib/native-platform-linux-i386-0.10.jar
7f0318ee3000-7f0318ee4000 r--s 00003000 08:07 1968664                    /home/yash/Downloads/android-studio/gradle/gradle-2.2.1/lib/native-platform-linux-amd64-0.10.jar
7f0318ee4000-7f0318ee5000 r--s 00002000 08:07 1968833                    /home/yash/Downloads/android-studio/gradle/gradle-2.2.1/lib/native-platform-osx-amd64-0.10.jar
7f0318ee5000-7f0318ee6000 r--s 00002000 08:07 1968682                    /home/yash/Downloads/android-studio/gradle/gradle-2.2.1/lib/native-platform-osx-i386-0.10.jar
7f0318ee6000-7f0318ee8000 r--s 00008000 08:07 1968681                    /home/yash/Downloads/android-studio/gradle/gradle-2.2.1/lib/jansi-1.2.1.jar
7f0318ee8000-7f0318eeb000 r--s 0000d000 08:07 1968703                    /home/yash/Downloads/android-studio/gradle/gradle-2.2.1/lib/native-platform-0.10.jar
7f0318eeb000-7f0318eef000 r--s 000e4000 08:07 1968295                    /home/yash/Downloads/android-studio/gradle/gradle-2.2.1/lib/jna-3.2.7.jar
7f0318eef000-7f0318ef1000 r--s 00008000 08:07 1968680                    /home/yash/Downloads/android-studio/gradle/gradle-2.2.1/lib/gradle-native-2.2.1.jar
7f0318ef1000-7f0318ef3000 r--s 00005000 08:07 1968711                    /home/yash/Downloads/android-studio/gradle/gradle-2.2.1/lib/gradle-cli-2.2.1.jar
7f0318ef3000-7f0318ef5000 r--s 00003000 08:07 1968655                    /home/yash/Downloads/android-studio/gradle/gradle-2.2.1/lib/gradle-base-services-groovy-2.2.1.jar
7f0318ef5000-7f0318ef7000 r--s 0000a000 08:07 1968676                    /home/yash/Downloads/android-studio/gradle/gradle-2.2.1/lib/gradle-model-groovy-2.2.1.jar
7f0318ef7000-7f0318efb000 r--s 0001b000 08:07 1968669                    /home/yash/Downloads/android-studio/gradle/gradle-2.2.1/lib/gradle-model-core-2.2.1.jar
7f0318efb000-7f0318efc000 r--s 00000000 08:07 1968685                    /home/yash/Downloads/android-studio/gradle/gradle-2.2.1/lib/gradle-docs-2.2.1.jar
7f0318efc000-7f0318efe000 r--s 00003000 08:07 1968663                    /home/yash/Downloads/android-studio/gradle/gradle-2.2.1/lib/jcl-over-slf4j-1.7.7.jar
7f0318efe000-7f0318eff000 r--s 00005000 08:07 1968704                    /home/yash/Downloads/android-studio/gradle/gradle-2.2.1/lib/log4j-over-slf4j-1.7.7.jar
7f0318eff000-7f0318f05000 r--s 0003b000 08:07 1968647                    /home/yash/Downloads/android-studio/gradle/gradle-2.2.1/lib/logback-classic-1.0.13.jar
7f0318f05000-7f0318f0f000 r--s 0005d000 08:07 1968675                    /home/yash/Downloads/android-studio/gradle/gradle-2.2.1/lib/logback-core-1.0.13.jar
7f0318f0f000-7f0318f14000 r--s 00041000 08:07 1968301                    /home/yash/Downloads/android-studio/gradle/gradle-2.2.1/lib/commons-lang-2.6.jar
7f0318f14000-7f0318f15000 ---p 00000000 00:00 0 
7f0318f15000-7f0319015000 rw-p 00000000 00:00 0                          [stack:3440]
7f0319015000-7f0319018000 ---p 00000000 00:00 0 
7f0319018000-7f0319116000 rw-p 00000000 00:00 0                          [stack:3439]
7f0319116000-7f0319119000 ---p 00000000 00:00 0 
7f0319119000-7f0319217000 rw-p 00000000 00:00 0                          [stack:3438]
7f0319217000-7f031921a000 ---p 00000000 00:00 0 
7f031921a000-7f0319318000 rw-p 00000000 00:00 0                          [stack:3437]
7f0319318000-7f031931b000 ---p 00000000 00:00 0 
7f031931b000-7f0319419000 rw-p 00000000 00:00 0                          [stack:3436]
7f0319419000-7f031941c000 ---p 00000000 00:00 0 
7f031941c000-7f031951a000 rw-p 00000000 00:00 0                          [stack:3435]
7f031951a000-7f0319bfc000 r--p 00000000 08:07 794886                     /usr/lib/locale/locale-archive
7f0319bfc000-7f0319bff000 ---p 00000000 00:00 0 
7f0319bff000-7f0319cfd000 rw-p 00000000 00:00 0                          [stack:3433]
7f0319cfd000-7f0319d00000 ---p 00000000 00:00 0 
7f0319d00000-7f0319dfe000 rw-p 00000000 00:00 0                          [stack:3432]
7f0319dfe000-7f0319dff000 ---p 00000000 00:00 0 
7f0319dff000-7f031c000000 rw-p 00000000 00:00 0                          [stack:3431]
7f031c000000-7f031c021000 rw-p 00000000 00:00 0 
7f031c021000-7f0320000000 ---p 00000000 00:00 0 
7f0320000000-7f0320001000 r--s 00000000 08:07 1968695                    /home/yash/Downloads/android-studio/gradle/gradle-2.2.1/lib/javax.inject-1.jar
7f0320001000-7f0320004000 r--s 0001b000 08:07 1968665                    /home/yash/Downloads/android-studio/gradle/gradle-2.2.1/lib/jarjar-1.3.jar
7f0320004000-7f0320012000 r--s 0007f000 08:07 1968705                    /home/yash/Downloads/android-studio/gradle/gradle-2.2.1/lib/commons-collections-3.2.1.jar
7f0320012000-7f0320017000 r--s 00036000 08:07 1968694                    /home/yash/Downloads/android-studio/gradle/gradle-2.2.1/lib/asm-all-5.0.3.jar
7f0320017000-7f0320082000 r--s 00685000 08:07 1968294                    /home/yash/Downloads/android-studio/gradle/gradle-2.2.1/lib/groovy-all-2.3.6.jar
7f0320082000-7f03200aa000 r--s 001cf000 08:07 1968678                    /home/yash/Downloads/android-studio/gradle/gradle-2.2.1/lib/guava-jdk5-17.0.jar
7f03200aa000-7f03200c9000 r--s 001cc000 08:07 1968649                    /home/yash/Downloads/android-studio/gradle/gradle-2.2.1/lib/ant-1.9.3.jar
7f03200c9000-7f03200fa000 r--s 00191000 08:07 1968673                    /home/yash/Downloads/android-studio/gradle/gradle-2.2.1/lib/gradle-core-2.2.1.jar
7f03200fa000-7f0320e28000 rw-p 00000000 00:00 0 
7f0320e28000-7f0321000000 r--s 03d09000 08:07 135500                     /usr/local/jdk1.8.0_40/jre/lib/rt.jar
7f0321000000-7f03227d0000 rwxp 00000000 00:00 0 
7f03227d0000-7f0330000000 ---p 00000000 00:00 0 
7f0330000000-7f0330a63000 rw-p 00000000 00:00 0 
7f0330a63000-7f0334000000 ---p 00000000 00:00 0 
7f0334000000-7f0334002000 r--s 00000000 08:07 1968700                    /home/yash/Downloads/android-studio/gradle/gradle-2.2.1/lib/jul-to-slf4j-1.7.7.jar
7f0334002000-7f0334c0a000 rw-p 00000000 00:00 0 
7f0334c0a000-7f0334c0b000 ---p 00000000 00:00 0 
7f0334c0b000-7f0334d0b000 rw-p 00000000 00:00 0                          [stack:3430]
7f0334d0b000-7f0334d0c000 ---p 00000000 00:00 0 
7f0334d0c000-7f0334e0c000 rw-p 00000000 00:00 0                          [stack:3429]
7f0334e0c000-7f0334e0d000 ---p 00000000 00:00 0 
7f0334e0d000-7f0334f0d000 rw-p 00000000 00:00 0                          [stack:3428]
7f0334f0d000-7f0334f0e000 ---p 00000000 00:00 0 
7f0334f0e000-7f0335031000 rw-p 00000000 00:00 0                          [stack:3427]
7f0335031000-7f0335164000 ---p 00000000 00:00 0 
7f0335164000-7f0335187000 rw-p 00000000 00:00 0 
7f0335187000-7f03352b9000 ---p 00000000 00:00 0 
7f03352b9000-7f0335364000 rw-p 00000000 00:00 0 
7f0335364000-7f03353c5000 rw-p 00000000 00:00 0 
7f03353c5000-7f0335725000 ---p 00000000 00:00 0 
7f0335725000-7f033573f000 r-xp 00000000 08:07 135699                     /usr/local/jdk1.8.0_40/jre/lib/amd64/libzip.so
7f033573f000-7f033593f000 ---p 0001a000 08:07 135699                     /usr/local/jdk1.8.0_40/jre/lib/amd64/libzip.so
7f033593f000-7f0335940000 rw-p 0001a000 08:07 135699                     /usr/local/jdk1.8.0_40/jre/lib/amd64/libzip.so
7f0335940000-7f033594b000 r-xp 00000000 08:07 1060172                    /lib/x86_64-linux-gnu/libnss_files-2.19.so
7f033594b000-7f0335b4a000 ---p 0000b000 08:07 1060172                    /lib/x86_64-linux-gnu/libnss_files-2.19.so
7f0335b4a000-7f0335b4b000 r--p 0000a000 08:07 1060172                    /lib/x86_64-linux-gnu/libnss_files-2.19.so
7f0335b4b000-7f0335b4c000 rw-p 0000b000 08:07 1060172                    /lib/x86_64-linux-gnu/libnss_files-2.19.so
7f0335b4c000-7f0335b57000 r-xp 00000000 08:07 1060192                    /lib/x86_64-linux-gnu/libnss_nis-2.19.so
7f0335b57000-7f0335d56000 ---p 0000b000 08:07 1060192                    /lib/x86_64-linux-gnu/libnss_nis-2.19.so
7f0335d56000-7f0335d57000 r--p 0000a000 08:07 1060192                    /lib/x86_64-linux-gnu/libnss_nis-2.19.so
7f0335d57000-7f0335d58000 rw-p 0000b000 08:07 1060192                    /lib/x86_64-linux-gnu/libnss_nis-2.19.so
7f0335d58000-7f0335d6f000 r-xp 00000000 08:07 1060181                    /lib/x86_64-linux-gnu/libnsl-2.19.so
7f0335d6f000-7f0335f6e000 ---p 00017000 08:07 1060181                    /lib/x86_64-linux-gnu/libnsl-2.19.so
7f0335f6e000-7f0335f6f000 r--p 00016000 08:07 1060181                    /lib/x86_64-linux-gnu/libnsl-2.19.so
7f0335f6f000-7f0335f70000 rw-p 00017000 08:07 1060181                    /lib/x86_64-linux-gnu/libnsl-2.19.so
7f0335f70000-7f0335f72000 rw-p 00000000 00:00 0 
7f0335f72000-7f0335f7b000 r-xp 00000000 08:07 1060180                    /lib/x86_64-linux-gnu/libnss_compat-2.19.so
7f0335f7b000-7f033617a000 ---p 00009000 08:07 1060180                    /lib/x86_64-linux-gnu/libnss_compat-2.19.so
7f033617a000-7f033617b000 r--p 00008000 08:07 1060180                    /lib/x86_64-linux-gnu/libnss_compat-2.19.so
7f033617b000-7f033617c000 rw-p 00009000 08:07 1060180                    /lib/x86_64-linux-gnu/libnss_compat-2.19.so
7f033617c000-7f03361a6000 r-xp 00000000 08:07 135694                     /usr/local/jdk1.8.0_40/jre/lib/amd64/libjava.so
7f03361a6000-7f03363a6000 ---p 0002a000 08:07 135694                     /usr/local/jdk1.8.0_40/jre/lib/amd64/libjava.so
7f03363a6000-7f03363a8000 rw-p 0002a000 08:07 135694                     /usr/local/jdk1.8.0_40/jre/lib/amd64/libjava.so
7f03363a8000-7f03363b5000 r-xp 00000000 08:07 135698                     /usr/local/jdk1.8.0_40/jre/lib/amd64/libverify.so
7f03363b5000-7f03365b5000 ---p 0000d000 08:07 135698                     /usr/local/jdk1.8.0_40/jre/lib/amd64/libverify.so
7f03365b5000-7f03365b7000 rw-p 0000d000 08:07 135698                     /usr/local/jdk1.8.0_40/jre/lib/amd64/libverify.so
7f03365b7000-7f03365be000 r-xp 00000000 08:07 1060189                    /lib/x86_64-linux-gnu/librt-2.19.so
7f03365be000-7f03367bd000 ---p 00007000 08:07 1060189                    /lib/x86_64-linux-gnu/librt-2.19.so
7f03367bd000-7f03367be000 r--p 00006000 08:07 1060189                    /lib/x86_64-linux-gnu/librt-2.19.so
7f03367be000-7f03367bf000 rw-p 00007000 08:07 1060189                    /lib/x86_64-linux-gnu/librt-2.19.so
7f03367bf000-7f03368c4000 r-xp 00000000 08:07 1060171                    /lib/x86_64-linux-gnu/libm-2.19.so
7f03368c4000-7f0336ac3000 ---p 00105000 08:07 1060171                    /lib/x86_64-linux-gnu/libm-2.19.so
7f0336ac3000-7f0336ac4000 r--p 00104000 08:07 1060171                    /lib/x86_64-linux-gnu/libm-2.19.so
7f0336ac4000-7f0336ac5000 rw-p 00105000 08:07 1060171                    /lib/x86_64-linux-gnu/libm-2.19.so
7f0336ac5000-7f0337773000 r-xp 00000000 08:07 135677                     /usr/local/jdk1.8.0_40/jre/lib/amd64/server/libjvm.so
7f0337773000-7f0337972000 ---p 00cae000 08:07 135677                     /usr/local/jdk1.8.0_40/jre/lib/amd64/server/libjvm.so
7f0337972000-7f0337a49000 rw-p 00cad000 08:07 135677                     /usr/local/jdk1.8.0_40/jre/lib/amd64/server/libjvm.so
7f0337a49000-7f0337a8d000 rw-p 00000000 00:00 0 
7f0337a8d000-7f0337c48000 r-xp 00000000 08:07 1060186                    /lib/x86_64-linux-gnu/libc-2.19.so
7f0337c48000-7f0337e47000 ---p 001bb000 08:07 1060186                    /lib/x86_64-linux-gnu/libc-2.19.so
7f0337e47000-7f0337e4b000 r--p 001ba000 08:07 1060186                    /lib/x86_64-linux-gnu/libc-2.19.so
7f0337e4b000-7f0337e4d000 rw-p 001be000 08:07 1060186                    /lib/x86_64-linux-gnu/libc-2.19.so
7f0337e4d000-7f0337e52000 rw-p 00000000 00:00 0 
7f0337e52000-7f0337e55000 r-xp 00000000 08:07 1060175                    /lib/x86_64-linux-gnu/libdl-2.19.so
7f0337e55000-7f0338054000 ---p 00003000 08:07 1060175                    /lib/x86_64-linux-gnu/libdl-2.19.so
7f0338054000-7f0338055000 r--p 00002000 08:07 1060175                    /lib/x86_64-linux-gnu/libdl-2.19.so
7f0338055000-7f0338056000 rw-p 00003000 08:07 1060175                    /lib/x86_64-linux-gnu/libdl-2.19.so
7f0338056000-7f033806b000 r-xp 00000000 08:07 2364620                    /usr/local/jdk1.8.0_40/lib/amd64/jli/libjli.so
7f033806b000-7f033826b000 ---p 00015000 08:07 2364620                    /usr/local/jdk1.8.0_40/lib/amd64/jli/libjli.so
7f033826b000-7f033826c000 rw-p 00015000 08:07 2364620                    /usr/local/jdk1.8.0_40/lib/amd64/jli/libjli.so
7f033826c000-7f0338285000 r-xp 00000000 08:07 1060187                    /lib/x86_64-linux-gnu/libpthread-2.19.so
7f0338285000-7f0338484000 ---p 00019000 08:07 1060187                    /lib/x86_64-linux-gnu/libpthread-2.19.so
7f0338484000-7f0338485000 r--p 00018000 08:07 1060187                    /lib/x86_64-linux-gnu/libpthread-2.19.so
7f0338485000-7f0338486000 rw-p 00019000 08:07 1060187                    /lib/x86_64-linux-gnu/libpthread-2.19.so
7f0338486000-7f033848a000 rw-p 00000000 00:00 0 
7f033848a000-7f03384ad000 r-xp 00000000 08:07 1060183                    /lib/x86_64-linux-gnu/ld-2.19.so
7f03384ad000-7f03384ae000 r--s 00000000 08:07 1968679                    /home/yash/Downloads/android-studio/gradle/gradle-2.2.1/lib/jcip-annotations-1.0.jar
7f03384ae000-7f03384b1000 r--s 00018000 08:07 1968713                    /home/yash/Downloads/android-studio/gradle/gradle-2.2.1/lib/commons-io-1.4.jar
7f03384b1000-7f03384b3000 r--s 00006000 08:07 1968674                    /home/yash/Downloads/android-studio/gradle/gradle-2.2.1/lib/slf4j-api-1.7.7.jar
7f03384b3000-7f03384b4000 r--s 00004000 08:07 1968677                    /home/yash/Downloads/android-studio/gradle/gradle-2.2.1/lib/ant-launcher-1.9.3.jar
7f03384b4000-7f033858d000 rw-p 00000000 00:00 0 
7f033858d000-7f0338590000 ---p 00000000 00:00 0 
7f0338590000-7f0338692000 rw-p 00000000 00:00 0                          [stack:3426]
7f0338692000-7f0338698000 r--s 00026000 08:07 1968683                    /home/yash/Downloads/android-studio/gradle/gradle-2.2.1/lib/gradle-base-services-2.2.1.jar
7f0338698000-7f03386a0000 r--s 0003c000 08:07 1968709                    /home/yash/Downloads/android-studio/gradle/gradle-2.2.1/lib/gradle-launcher-2.2.1.jar
7f03386a0000-7f03386a8000 rw-s 00000000 08:07 1052388                    /tmp/hsperfdata_yash/3425
7f03386a8000-7f03386a9000 rw-p 00000000 00:00 0 
7f03386a9000-7f03386aa000 ---p 00000000 00:00 0 
7f03386aa000-7f03386ac000 rw-p 00000000 00:00 0 
7f03386ac000-7f03386ad000 r--p 00022000 08:07 1060183                    /lib/x86_64-linux-gnu/ld-2.19.so
7f03386ad000-7f03386ae000 rw-p 00023000 08:07 1060183                    /lib/x86_64-linux-gnu/ld-2.19.so
7f03386ae000-7f03386af000 rw-p 00000000 00:00 0 
7fffde763000-7fffde784000 rw-p 00000000 00:00 0                          [stack]
7fffde7fe000-7fffde800000 r-xp 00000000 00:00 0                          [vdso]
ffffffffff600000-ffffffffff601000 r-xp 00000000 00:00 0                  [vsyscall]

VM Arguments:
jvm_args: -XX:MaxPermSize=256m -XX:+HeapDumpOnOutOfMemoryError -Xmx1024m -Dfile.encoding=UTF-8 -Duser.country=US -Duser.language=en -Duser.variant 
java_command: org.gradle.launcher.daemon.bootstrap.GradleDaemon 2.2.1 /home/yash/.gradle/daemon 10800000 6c44ba53-662e-4c61-b9f4-5ee84bdd3b9a -XX:MaxPermSize=256m -XX:+HeapDumpOnOutOfMemoryError -Xmx1024m -Dfile.encoding=UTF-8 -Duser.country=US -Duser.language=en -Duser.variant
java_class_path (initial): /home/yash/Downloads/android-studio/gradle/gradle-2.2.1/lib/gradle-launcher-2.2.1.jar
Launcher Type: SUN_STANDARD

Environment Variables:
JAVA_HOME=/usr/local/jdk1.8.0_40
CLASSPATH=/home/yash/Downloads/android-studio/bin/../lib/bootstrap.jar:/home/yash/Downloads/android-studio/bin/../lib/extensions.jar:/home/yash/Downloads/android-studio/bin/../lib/util.jar:/home/yash/Downloads/android-studio/bin/../lib/jdom.jar:/home/yash/Downloads/android-studio/bin/../lib/log4j.jar:/home/yash/Downloads/android-studio/bin/../lib/trove4j.jar:/home/yash/Downloads/android-studio/bin/../lib/jna.jar:/usr/local/jdk1.8.0_40/lib/tools.jar
PATH=/usr/local/sbin:/usr/local/bin:/usr/sbin:/usr/bin:/sbin:/bin:/usr/games:/usr/local/games:/home/yash/bin:/usr/local/jdk1.8.0_40/bin:/home/yash/android-ndk:/home/yash/android-sdk-linux/platform-tools
LD_LIBRARY_PATH=/home/yash/Downloads/android-studio/bin:
SHELL=/bin/bash
DISPLAY=:0

Signal Handlers:
SIGSEGV: [libjvm.so+0xaad2e0], sa_mask[0]=11111111011111111101111111111110, sa_flags=SA_RESTART|SA_SIGINFO
SIGBUS: [libjvm.so+0xaad2e0], sa_mask[0]=11111111011111111101111111111110, sa_flags=SA_RESTART|SA_SIGINFO
SIGFPE: [libjvm.so+0x90b550], sa_mask[0]=11111111011111111101111111111110, sa_flags=SA_RESTART|SA_SIGINFO
SIGPIPE: [libjvm.so+0x90b550], sa_mask[0]=11111111011111111101111111111110, sa_flags=SA_RESTART|SA_SIGINFO
SIGXFSZ: [libjvm.so+0x90b550], sa_mask[0]=11111111011111111101111111111110, sa_flags=SA_RESTART|SA_SIGINFO
SIGILL: [libjvm.so+0x90b550], sa_mask[0]=11111111011111111101111111111110, sa_flags=SA_RESTART|SA_SIGINFO
SIGUSR1: SIG_DFL, sa_mask[0]=00000000000000000000000000000000, sa_flags=none
SIGUSR2: [libjvm.so+0x90cb90], sa_mask[0]=00100000000000000000000000000000, sa_flags=SA_RESTART|SA_SIGINFO
SIGHUP: [libjvm.so+0x90dee0], sa_mask[0]=11111111011111111101111111111110, sa_flags=SA_RESTART|SA_SIGINFO
SIGINT: [libjvm.so+0x90dee0], sa_mask[0]=11111111011111111101111111111110, sa_flags=SA_RESTART|SA_SIGINFO
SIGTERM: [libjvm.so+0x90dee0], sa_mask[0]=11111111011111111101111111111110, sa_flags=SA_RESTART|SA_SIGINFO
SIGQUIT: [libjvm.so+0x90dee0], sa_mask[0]=11111111011111111101111111111110, sa_flags=SA_RESTART|SA_SIGINFO


---------------  S Y S T E M  ---------------

OS:DISTRIB_ID=Ubuntu
DISTRIB_RELEASE=14.04
DISTRIB_CODENAME=trusty
DISTRIB_DESCRIPTION="Ubuntu 14.04.2 LTS"

uname:Linux 3.13.0-48-generic #80-Ubuntu SMP Thu Mar 12 11:16:15 UTC 2015 x86_64
libc:glibc 2.19 NPTL 2.19 
rlimit: STACK 8192k, CORE 0k, NPROC 30176, NOFILE 4096, AS infinity
load average:5.21 5.33 2.99

/proc/meminfo:
MemTotal:        3946560 kB
MemFree:          123520 kB
Buffers:            1344 kB
Cached:           343896 kB
SwapCached:            0 kB
Active:          3324492 kB
Inactive:         332960 kB
Active(anon):    3317928 kB
Inactive(anon):   325472 kB
Active(file):       6564 kB
Inactive(file):     7488 kB
Unevictable:         372 kB
Mlocked:             372 kB
SwapTotal:             0 kB
SwapFree:              0 kB
Dirty:               664 kB
Writeback:             0 kB
AnonPages:       3312664 kB
Mapped:            81168 kB
Shmem:            331112 kB
Slab:              62544 kB
SReclaimable:      26132 kB
SUnreclaim:        36412 kB
KernelStack:        4880 kB
PageTables:        39552 kB
NFS_Unstable:          0 kB
Bounce:                0 kB
WritebackTmp:          0 kB
CommitLimit:     1973280 kB
Committed_AS:    6925700 kB
VmallocTotal:   34359738367 kB
VmallocUsed:      400756 kB
VmallocChunk:   34359329404 kB
HardwareCorrupted:     0 kB
AnonHugePages:   1423360 kB
HugePages_Total:       0
HugePages_Free:        0
HugePages_Rsvd:        0
HugePages_Surp:        0
Hugepagesize:       2048 kB
DirectMap4k:       85496 kB
DirectMap2M:     2959360 kB
DirectMap1G:     1048576 kB


CPU:total 4 (2 cores per cpu, 2 threads per core) family 6 model 69 stepping 1, cmov, cx8, fxsr, mmx, sse, sse2, sse3, ssse3, sse4.1, sse4.2, popcnt, avx, avx2, aes, clmul, erms, lzcnt, ht, tsc, tscinvbit, bmi1, bmi2

/proc/cpuinfo:
processor	: 0
vendor_id	: GenuineIntel
cpu family	: 6
model		: 69
model name	: Intel(R) Core(TM) i5-4200U CPU @ 1.60GHz
stepping	: 1
microcode	: 0x10
cpu MHz		: 1600.000
cache size	: 3072 KB
physical id	: 0
siblings	: 4
core id		: 0
cpu cores	: 2
apicid		: 0
initial apicid	: 0
fpu		: yes
fpu_exception	: yes
cpuid level	: 13
wp		: yes
flags		: fpu vme de pse tsc msr pae mce cx8 apic sep mtrr pge mca cmov pat pse36 clflush dts acpi mmx fxsr sse sse2 ss ht tm pbe syscall nx pdpe1gb rdtscp lm constant_tsc arch_perfmon pebs bts rep_good nopl xtopology nonstop_tsc aperfmperf eagerfpu pni pclmulqdq dtes64 monitor ds_cpl vmx est tm2 ssse3 fma cx16 xtpr pdcm pcid sse4_1 sse4_2 movbe popcnt tsc_deadline_timer aes xsave avx f16c rdrand lahf_lm abm ida arat epb xsaveopt pln pts dtherm tpr_shadow vnmi flexpriority ept vpid fsgsbase tsc_adjust bmi1 avx2 smep bmi2 erms invpcid
bogomips	: 4589.00
clflush size	: 64
cache_alignment	: 64
address sizes	: 39 bits physical, 48 bits virtual
power management:

processor	: 1
vendor_id	: GenuineIntel
cpu family	: 6
model		: 69
model name	: Intel(R) Core(TM) i5-4200U CPU @ 1.60GHz
stepping	: 1
microcode	: 0x10
cpu MHz		: 1600.000
cache size	: 3072 KB
physical id	: 0
siblings	: 4
core id		: 0
cpu cores	: 2
apicid		: 1
initial apicid	: 1
fpu		: yes
fpu_exception	: yes
cpuid level	: 13
wp		: yes
flags		: fpu vme de pse tsc msr pae mce cx8 apic sep mtrr pge mca cmov pat pse36 clflush dts acpi mmx fxsr sse sse2 ss ht tm pbe syscall nx pdpe1gb rdtscp lm constant_tsc arch_perfmon pebs bts rep_good nopl xtopology nonstop_tsc aperfmperf eagerfpu pni pclmulqdq dtes64 monitor ds_cpl vmx est tm2 ssse3 fma cx16 xtpr pdcm pcid sse4_1 sse4_2 movbe popcnt tsc_deadline_timer aes xsave avx f16c rdrand lahf_lm abm ida arat epb xsaveopt pln pts dtherm tpr_shadow vnmi flexpriority ept vpid fsgsbase tsc_adjust bmi1 avx2 smep bmi2 erms invpcid
bogomips	: 4589.00
clflush size	: 64
cache_alignment	: 64
address sizes	: 39 bits physical, 48 bits virtual
power management:

processor	: 2
vendor_id	: GenuineIntel
cpu family	: 6
model		: 69
model name	: Intel(R) Core(TM) i5-4200U CPU @ 1.60GHz
stepping	: 1
microcode	: 0x10
cpu MHz		: 1600.000
cache size	: 3072 KB
physical id	: 0
siblings	: 4
core id		: 1
cpu cores	: 2
apicid		: 2
initial apicid	: 2
fpu		: yes
fpu_exception	: yes
cpuid level	: 13
wp		: yes
flags		: fpu vme de pse tsc msr pae mce cx8 apic sep mtrr pge mca cmov pat pse36 clflush dts acpi mmx fxsr sse sse2 ss ht tm pbe syscall nx pdpe1gb rdtscp lm constant_tsc arch_perfmon pebs bts rep_good nopl xtopology nonstop_tsc aperfmperf eagerfpu pni pclmulqdq dtes64 monitor ds_cpl vmx est tm2 ssse3 fma cx16 xtpr pdcm pcid sse4_1 sse4_2 movbe popcnt tsc_deadline_timer aes xsave avx f16c rdrand lahf_lm abm ida arat epb xsaveopt pln pts dtherm tpr_shadow vnmi flexpriority ept vpid fsgsbase tsc_adjust bmi1 avx2 smep bmi2 erms invpcid
bogomips	: 4589.00
clflush size	: 64
cache_alignment	: 64
address sizes	: 39 bits physical, 48 bits virtual
power management:

processor	: 3
vendor_id	: GenuineIntel
cpu family	: 6
model		: 69
model name	: Intel(R) Core(TM) i5-4200U CPU @ 1.60GHz
stepping	: 1
microcode	: 0x10
cpu MHz		: 759.000
cache size	: 3072 KB
physical id	: 0
siblings	: 4
core id		: 1
cpu cores	: 2
apicid		: 3
initial apicid	: 3
fpu		: yes
fpu_exception	: yes
cpuid level	: 13
wp		: yes
flags		: fpu vme de pse tsc msr pae mce cx8 apic sep mtrr pge mca cmov pat pse36 clflush dts acpi mmx fxsr sse sse2 ss ht tm pbe syscall nx pdpe1gb rdtscp lm constant_tsc arch_perfmon pebs bts rep_good nopl xtopology nonstop_tsc aperfmperf eagerfpu pni pclmulqdq dtes64 monitor ds_cpl vmx est tm2 ssse3 fma cx16 xtpr pdcm pcid sse4_1 sse4_2 movbe popcnt tsc_deadline_timer aes xsave avx f16c rdrand lahf_lm abm ida arat epb xsaveopt pln pts dtherm tpr_shadow vnmi flexpriority ept vpid fsgsbase tsc_adjust bmi1 avx2 smep bmi2 erms invpcid
bogomips	: 4589.00
clflush size	: 64
cache_alignment	: 64
address sizes	: 39 bits physical, 48 bits virtual
power management:



Memory: 4k page, physical 3946560k(123520k free), swap 0k(0k free)

vm_info: Java HotSpot(TM) 64-Bit Server VM (25.40-b25) for linux-amd64 JRE (1.8.0_40-b25), built on Feb 10 2015 21:29:53 by "java_re" with gcc 4.3.0 20080428 (Red Hat 4.3.0-8)

time: Sun Apr  5 08:47:16 2015
elapsed time: 599 seconds (0d 0h 9m 59s)

